<?xml version="1.0" encoding="UTF-8"?>
<testsuite name="Test" tests="147" skipped="0" failures="20" errors="0" timestamp="2024-02-22T05:48:06" hostname="EQUIPO" time="0.845">
  <properties/>
  <testcase name="[1] , 5,      " classname="Test" time="0.063"/>
  <testcase name="[2] ○, 5, ○    " classname="Test" time="0.001"/>
  <testcase name="[3] ○○, 5, ○○   " classname="Test" time="0.001"/>
  <testcase name="[4] ○○○, 5, ○○○  " classname="Test" time="0.002"/>
  <testcase name="[5] ○○○○, 5, ○○○○ " classname="Test" time="0.002"/>
  <testcase name="[6] ○○○○○, 5, ○○○○○" classname="Test" time="0.002"/>
  <testcase name="[1] yes&#13;&#10;cube&#13;&#10;, true,    .+------+&#10; .' |    .'|&#10;+---+--+'  |&#10;|   |  |   |&#10;|  ,+--+---+&#10;|.'    | .' &#10;+------+'" classname="Test" time="0.018"/>
  <testcase name="[2] yes&#13;&#10;cube&#13;&#10;cube&#13;&#10;, false,    .+------+&#10; .' |    .'|&#10;+---+--+'  |&#10;|   |  |   |&#10;|  ,+--+---+&#10;|.'    | .' &#10;+------+'" classname="Test" time="0.002"/>
  <testcase name="[3] yes&#13;&#10;cube1&#13;&#10;cube&#13;&#10;, true,    .+------+&#10; .' |    .'|&#10;+---+--+'  |&#10;|   |  |   |&#10;|  ,+--+---+&#10;|.'    | .' &#10;+------+'" classname="Test" time="0.002"/>
  <testcase name="[4] yess&#13;&#10;yes&#13;&#10;cube&#13;&#10;, true,    .+------+&#10; .' |    .'|&#10;+---+--+'  |&#10;|   |  |   |&#10;|  ,+--+---+&#10;|.'    | .' &#10;+------+'" classname="Test" time="0.001"/>
  <testcase name="[5] yess&#13;&#10;yes&#13;&#10;cube&#13;&#10;cube&#13;&#10;, false,    .+------+&#10; .' |    .'|&#10;+---+--+'  |&#10;|   |  |   |&#10;|  ,+--+---+&#10;|.'    | .' &#10;+------+'" classname="Test" time="0.001"/>
  <testcase name="[6] yess&#13;&#10;yes&#13;&#10;cube1&#13;&#10;cube&#13;&#10;, true,    .+------+&#10; .' |    .'|&#10;+---+--+'  |&#10;|   |  |   |&#10;|  ,+--+---+&#10;|.'    | .' &#10;+------+'" classname="Test" time="0.002"/>
  <testcase name="[7] no&#13;&#10;^_^&#13;&#10;, true, ^_^" classname="Test" time="0.001"/>
  <testcase name="[8] no&#13;&#10;^_^&#13;&#10;^_^&#13;&#10;, false, ^_^" classname="Test" time="0.002"/>
  <testcase name="[9] yess&#13;&#10;no&#13;&#10;^_^&#13;&#10;, true, ^_^" classname="Test" time="0.002"/>
  <testcase name="[10] yess&#13;&#10;no&#13;&#10;^_^&#13;&#10;^_^&#13;&#10;, false, ^_^" classname="Test" time="0.002"/>
  <testcase name="fillPatternRowFunction()" classname="Test" time="0.293"/>
  <testcase name="canvasWithGapsGeneratorFunction()" classname="Test" time="0.003"/>
  <testcase name="[1] ○, 1" classname="Test" time="0.003"/>
  <testcase name="[2]  X&#10;/ \&#10;\ /&#10; X, 4" classname="Test" time="0.002"/>
  <testcase name="[3]   ____   &#10; /    \&#10;/ /  \ \&#10;\ \__/ /&#10; \____/, 5" classname="Test" time="0.002"/>
  <testcase name="[4] +---+---+&#10;| o   o |&#10;|   ^   |&#10;|  ---  |&#10;+---+---+, 5" classname="Test" time="0.001"/>
  <testcase name="[5]    .+------+&#10; .' |    .'|&#10;+---+--+'  |&#10;|   |  |   |&#10;|  ,+--+---+&#10;|.'    | .' &#10;+------+', 7" classname="Test" time="0.001"/>
  <testcase name="repeatHorizontallyFunction()" classname="Test" time="0.002"/>
  <testcase name="getPatternHeightFunction()" classname="Test" time="0.002"/>
  <testcase name="getPatternFunction()" classname="Test" time="0.002"/>
  <testcase name="[1] ○, Filter(width=1, height=1, result=○)" classname="Test" time="0.004"/>
  <testcase name="[2] ○, Filter(width=2, height=1, result=○○)" classname="Test" time="0.001"/>
  <testcase name="[3]  X&#10;/ \&#10;\ /&#10; X, Filter(width=1, height=1, result= X &#10;/ \&#10;\ /&#10; X )" classname="Test" time="0.002"/>
  <testcase name="[4]  X&#10;/ \&#10;\ /&#10; X, Filter(width=2, height=1, result= X  X &#10;/ \/ \&#10;\ /\ /&#10; X  X )" classname="Test" time="0.001"/>
  <testcase name="[5]   ____   &#10; /    \&#10;/ /  \ \&#10;\ \__/ /&#10; \____/, Filter(width=1, height=1, result=  ____   &#10; /    \  &#10;/ /  \ \ &#10;\ \__/ / &#10; \____/  )" classname="Test" time="0.002"/>
  <testcase name="[6]   ____   &#10; /    \&#10;/ /  \ \&#10;\ \__/ /&#10; \____/, Filter(width=2, height=1, result=  ____     ____   &#10; /    \   /    \  &#10;/ /  \ \ / /  \ \ &#10;\ \__/ / \ \__/ / &#10; \____/   \____/  )" classname="Test" time="0.001"/>
  <testcase name="[7] +---+---+&#10;| o   o |&#10;|   ^   |&#10;|  ---  |&#10;+---+---+, Filter(width=1, height=1, result=+---+---+&#10;| o   o |&#10;|   ^   |&#10;|  ---  |&#10;+---+---+)" classname="Test" time="0.002"/>
  <testcase name="[8] +---+---+&#10;| o   o |&#10;|   ^   |&#10;|  ---  |&#10;+---+---+, Filter(width=2, height=1, result=+---+---++---+---+&#10;| o   o || o   o |&#10;|   ^   ||   ^   |&#10;|  ---  ||  ---  |&#10;+---+---++---+---+)" classname="Test" time="0.001"/>
  <testcase name="[9]    .+------+&#10; .' |    .'|&#10;+---+--+'  |&#10;|   |  |   |&#10;|  ,+--+---+&#10;|.'    | .' &#10;+------+', Filter(width=1, height=1, result=   .+------+&#10; .' |    .'|&#10;+---+--+'  |&#10;|   |  |   |&#10;|  ,+--+---+&#10;|.'    | .' &#10;+------+'   )" classname="Test" time="0.001"/>
  <testcase name="[10]    .+------+&#10; .' |    .'|&#10;+---+--+'  |&#10;|   |  |   |&#10;|  ,+--+---+&#10;|.'    | .' &#10;+------+', Filter(width=2, height=1, result=   .+------+   .+------+&#10; .' |    .'| .' |    .'|&#10;+---+--+'  |+---+--+'  |&#10;|   |  |   ||   |  |   |&#10;|  ,+--+---+|  ,+--+---+&#10;|.'    | .' |.'    | .' &#10;+------+'   +------+'   )" classname="Test" time="0.001"/>
  <testcase name="fillPatternRowErrorCase()" classname="Test" time="0.003"/>
  <testcase name="dropTopFromLineFunction()" classname="Test" time="0.002"/>
  <testcase name="canvasGeneratorFunction()" classname="Test" time="0.001"/>
  <testcase name="[1] ○, Filter(width=1, height=1, result=○)" classname="Test" time="0.009"/>
  <testcase name="[2] ○, Filter(width=2, height=1, result=○○)" classname="Test" time="0.002"/>
  <testcase name="[3] ○, Filter(width=1, height=2, result=○&#10;○)" classname="Test" time="0.002"/>
  <testcase name="[4] ○, Filter(width=5, height=7, result=○○○○○&#10;○○○○○&#10;○○○○○&#10;○○○○○&#10;○○○○○&#10;○○○○○&#10;○○○○○)" classname="Test" time="0.001"/>
  <testcase name="[5] ○, Filter(width=6, height=8, result=○○○○○○&#10;○○○○○○&#10;○○○○○○&#10;○○○○○○&#10;○○○○○○&#10;○○○○○○&#10;○○○○○○&#10;○○○○○○)" classname="Test" time="0.002"/>
  <testcase name="[6]  X&#10;/ \&#10;\ /&#10; X, Filter(width=1, height=1, result= X &#10;/ \&#10;\ /&#10; X )" classname="Test" time="0.001"/>
  <testcase name="[7]  X&#10;/ \&#10;\ /&#10; X, Filter(width=2, height=1, result= X  X &#10;/ \/ \&#10;\ /\ /&#10; X  X )" classname="Test" time="0.001"/>
  <testcase name="[8]  X&#10;/ \&#10;\ /&#10; X, Filter(width=1, height=2, result= X &#10;/ \&#10;\ /&#10; X &#10;/ \&#10;\ /&#10; X )" classname="Test" time="0.001"/>
  <testcase name="[9]  X&#10;/ \&#10;\ /&#10; X, Filter(width=5, height=7, result= X  X  X  X  X &#10;/ \/ \/ \/ \/ \&#10;\ /\ /\ /\ /\ /&#10; X  X  X  X  X &#10;/ \/ \/ \/ \/ \&#10;\ /\ /\ /\ /\ /&#10; X  X  X  X  X &#10;/ \/ \/ \/ \/ \&#10;\ /\ /\ /\ /\ /&#10; X  X  X  X  X &#10;/ \/ \/ \/ \/ \&#10;\ /\ /\ /\ /\ /&#10; X  X  X  X  X &#10;/ \/ \/ \/ \/ \&#10;\ /\ /\ /\ /\ /&#10; X  X  X  X  X &#10;/ \/ \/ \/ \/ \&#10;\ /\ /\ /\ /\ /&#10; X  X  X  X  X &#10;/ \/ \/ \/ \/ \&#10;\ /\ /\ /\ /\ /&#10; X  X  X  X  X )" classname="Test" time="0.002"/>
  <testcase name="[10]  X&#10;/ \&#10;\ /&#10; X, Filter(width=6, height=8, result= X  X  X  X  X  X &#10;/ \/ \/ \/ \/ \/ \&#10;\ /\ /\ /\ /\ /\ /&#10; X  X  X  X  X  X &#10;/ \/ \/ \/ \/ \/ \&#10;\ /\ /\ /\ /\ /\ /&#10; X  X  X  X  X  X &#10;/ \/ \/ \/ \/ \/ \&#10;\ /\ /\ /\ /\ /\ /&#10; X  X  X  X  X  X &#10;/ \/ \/ \/ \/ \/ \&#10;\ /\ /\ /\ /\ /\ /&#10; X  X  X  X  X  X &#10;/ \/ \/ \/ \/ \/ \&#10;\ /\ /\ /\ /\ /\ /&#10; X  X  X  X  X  X &#10;/ \/ \/ \/ \/ \/ \&#10;\ /\ /\ /\ /\ /\ /&#10; X  X  X  X  X  X &#10;/ \/ \/ \/ \/ \/ \&#10;\ /\ /\ /\ /\ /\ /&#10; X  X  X  X  X  X &#10;/ \/ \/ \/ \/ \/ \&#10;\ /\ /\ /\ /\ /\ /&#10; X  X  X  X  X  X )" classname="Test" time="0.001"/>
  <testcase name="[11]   ____   &#10; /    \&#10;/ /  \ \&#10;\ \__/ /&#10; \____/, Filter(width=1, height=1, result=  ____   &#10; /    \  &#10;/ /  \ \ &#10;\ \__/ / &#10; \____/  )" classname="Test" time="0.002"/>
  <testcase name="[12]   ____   &#10; /    \&#10;/ /  \ \&#10;\ \__/ /&#10; \____/, Filter(width=2, height=1, result=  ____     ____   &#10; /    \   /    \  &#10;/ /  \ \ / /  \ \ &#10;\ \__/ / \ \__/ / &#10; \____/   \____/  )" classname="Test" time="0.001"/>
  <testcase name="[13]   ____   &#10; /    \&#10;/ /  \ \&#10;\ \__/ /&#10; \____/, Filter(width=1, height=2, result=  ____   &#10; /    \  &#10;/ /  \ \ &#10;\ \__/ / &#10; \____/  &#10; /    \  &#10;/ /  \ \ &#10;\ \__/ / &#10; \____/  )" classname="Test" time="0.001"/>
  <testcase name="[14]   ____   &#10; /    \&#10;/ /  \ \&#10;\ \__/ /&#10; \____/, Filter(width=5, height=7, result=  ____     ____     ____     ____     ____   &#10; /    \   /    \   /    \   /    \   /    \  &#10;/ /  \ \ / /  \ \ / /  \ \ / /  \ \ / /  \ \ &#10;\ \__/ / \ \__/ / \ \__/ / \ \__/ / \ \__/ / &#10; \____/   \____/   \____/   \____/   \____/  &#10; /    \   /    \   /    \   /    \   /    \  &#10;/ /  \ \ / /  \ \ / /  \ \ / /  \ \ / /  \ \ &#10;\ \__/ / \ \__/ / \ \__/ / \ \__/ / \ \__/ / &#10; \____/   \____/   \____/   \____/   \____/  &#10; /    \   /    \   /    \   /    \   /    \  &#10;/ /  \ \ / /  \ \ …" classname="Test" time="0.002"/>
  <testcase name="[15]   ____   &#10; /    \&#10;/ /  \ \&#10;\ \__/ /&#10; \____/, Filter(width=6, height=8, result=  ____     ____     ____     ____     ____     ____   &#10; /    \   /    \   /    \   /    \   /    \   /    \  &#10;/ /  \ \ / /  \ \ / /  \ \ / /  \ \ / /  \ \ / /  \ \ &#10;\ \__/ / \ \__/ / \ \__/ / \ \__/ / \ \__/ / \ \__/ / &#10; \____/   \____/   \____/   \____/   \____/   \____/  &#10; /    \   /    \   /    \   /    \   /    \   /    \  &#10;/ /  \ \ / /  \ \ / /  \ \ / /  \ \ / /  \ \ / /  \ \ &#10;\ \__/ / \ \__/ / \ \__/ / \ \__/ / \ \__/ / \ \__/ / &#10; \____/   \____/   \____/   \____/   \…" classname="Test" time="0.001"/>
  <testcase name="[16] +---+---+&#10;| o   o |&#10;|   ^   |&#10;|  ---  |&#10;+---+---+, Filter(width=1, height=1, result=+---+---+&#10;| o   o |&#10;|   ^   |&#10;|  ---  |&#10;+---+---+)" classname="Test" time="0.001"/>
  <testcase name="[17] +---+---+&#10;| o   o |&#10;|   ^   |&#10;|  ---  |&#10;+---+---+, Filter(width=2, height=1, result=+---+---++---+---+&#10;| o   o || o   o |&#10;|   ^   ||   ^   |&#10;|  ---  ||  ---  |&#10;+---+---++---+---+)" classname="Test" time="0.001"/>
  <testcase name="[18] +---+---+&#10;| o   o |&#10;|   ^   |&#10;|  ---  |&#10;+---+---+, Filter(width=1, height=2, result=+---+---+&#10;| o   o |&#10;|   ^   |&#10;|  ---  |&#10;+---+---+&#10;| o   o |&#10;|   ^   |&#10;|  ---  |&#10;+---+---+)" classname="Test" time="0.001"/>
  <testcase name="[19] +---+---+&#10;| o   o |&#10;|   ^   |&#10;|  ---  |&#10;+---+---+, Filter(width=5, height=7, result=+---+---++---+---++---+---++---+---++---+---+&#10;| o   o || o   o || o   o || o   o || o   o |&#10;|   ^   ||   ^   ||   ^   ||   ^   ||   ^   |&#10;|  ---  ||  ---  ||  ---  ||  ---  ||  ---  |&#10;+---+---++---+---++---+---++---+---++---+---+&#10;| o   o || o   o || o   o || o   o || o   o |&#10;|   ^   ||   ^   ||   ^   ||   ^   ||   ^   |&#10;|  ---  ||  ---  ||  ---  ||  ---  ||  ---  |&#10;+---+---++---+---++---+---++---+---++---+---+&#10;| o   o || o   o || o   o || o   o || o   o |&#10;|   ^   ||   ^   |…" classname="Test" time="0.001"/>
  <testcase name="[20] +---+---+&#10;| o   o |&#10;|   ^   |&#10;|  ---  |&#10;+---+---+, Filter(width=6, height=8, result=+---+---++---+---++---+---++---+---++---+---++---+---+&#10;| o   o || o   o || o   o || o   o || o   o || o   o |&#10;|   ^   ||   ^   ||   ^   ||   ^   ||   ^   ||   ^   |&#10;|  ---  ||  ---  ||  ---  ||  ---  ||  ---  ||  ---  |&#10;+---+---++---+---++---+---++---+---++---+---++---+---+&#10;| o   o || o   o || o   o || o   o || o   o || o   o |&#10;|   ^   ||   ^   ||   ^   ||   ^   ||   ^   ||   ^   |&#10;|  ---  ||  ---  ||  ---  ||  ---  ||  ---  ||  ---  |&#10;+---+---++---+---++---+---++---+---++-…" classname="Test" time="0.001"/>
  <testcase name="[21]    .+------+&#10; .' |    .'|&#10;+---+--+'  |&#10;|   |  |   |&#10;|  ,+--+---+&#10;|.'    | .' &#10;+------+', Filter(width=1, height=1, result=   .+------+&#10; .' |    .'|&#10;+---+--+'  |&#10;|   |  |   |&#10;|  ,+--+---+&#10;|.'    | .' &#10;+------+'   )" classname="Test" time="0.001"/>
  <testcase name="[22]    .+------+&#10; .' |    .'|&#10;+---+--+'  |&#10;|   |  |   |&#10;|  ,+--+---+&#10;|.'    | .' &#10;+------+', Filter(width=2, height=1, result=   .+------+   .+------+&#10; .' |    .'| .' |    .'|&#10;+---+--+'  |+---+--+'  |&#10;|   |  |   ||   |  |   |&#10;|  ,+--+---+|  ,+--+---+&#10;|.'    | .' |.'    | .' &#10;+------+'   +------+'   )" classname="Test" time="0.001"/>
  <testcase name="[23]    .+------+&#10; .' |    .'|&#10;+---+--+'  |&#10;|   |  |   |&#10;|  ,+--+---+&#10;|.'    | .' &#10;+------+', Filter(width=1, height=2, result=   .+------+&#10; .' |    .'|&#10;+---+--+'  |&#10;|   |  |   |&#10;|  ,+--+---+&#10;|.'    | .' &#10;+------+'   &#10; .' |    .'|&#10;+---+--+'  |&#10;|   |  |   |&#10;|  ,+--+---+&#10;|.'    | .' &#10;+------+'   )" classname="Test" time="0.001"/>
  <testcase name="[24]    .+------+&#10; .' |    .'|&#10;+---+--+'  |&#10;|   |  |   |&#10;|  ,+--+---+&#10;|.'    | .' &#10;+------+', Filter(width=5, height=7, result=   .+------+   .+------+   .+------+   .+------+   .+------+&#10; .' |    .'| .' |    .'| .' |    .'| .' |    .'| .' |    .'|&#10;+---+--+'  |+---+--+'  |+---+--+'  |+---+--+'  |+---+--+'  |&#10;|   |  |   ||   |  |   ||   |  |   ||   |  |   ||   |  |   |&#10;|  ,+--+---+|  ,+--+---+|  ,+--+---+|  ,+--+---+|  ,+--+---+&#10;|.'    | .' |.'    | .' |.'    | .' |.'    | .' |.'    | .' &#10;+------+'   +------+'   +------+'   +------+'   +------+'   &#10; .' |    .'| .' |    .'| .' |    .'| .' |    .'| .'…" classname="Test" time="0.002"/>
  <testcase name="[25]    .+------+&#10; .' |    .'|&#10;+---+--+'  |&#10;|   |  |   |&#10;|  ,+--+---+&#10;|.'    | .' &#10;+------+', Filter(width=6, height=8, result=   .+------+   .+------+   .+------+   .+------+   .+------+   .+------+&#10; .' |    .'| .' |    .'| .' |    .'| .' |    .'| .' |    .'| .' |    .'|&#10;+---+--+'  |+---+--+'  |+---+--+'  |+---+--+'  |+---+--+'  |+---+--+'  |&#10;|   |  |   ||   |  |   ||   |  |   ||   |  |   ||   |  |   ||   |  |   |&#10;|  ,+--+---+|  ,+--+---+|  ,+--+---+|  ,+--+---+|  ,+--+---+|  ,+--+---+&#10;|.'    | .' |.'    | .' |.'    | .' |.'    | .' |.'    | .' |.'    | .' &#10;+------+'   +------+'   +------+'   +---…" classname="Test" time="0.002"/>
  <testcase name="[1] canvas, ○, Filter(width=1, height=1, result=○)" classname="Test" time="0.008"/>
  <testcase name="[2] canvas, ○, Filter(width=2, height=1, result=○○)" classname="Test" time="0.002"/>
  <testcase name="[3] canvas, ○, Filter(width=1, height=2, result=○&#10;○)" classname="Test" time="0.002"/>
  <testcase name="[4] canvas, ○, Filter(width=5, height=7, result=○○○○○&#10;○○○○○&#10;○○○○○&#10;○○○○○&#10;○○○○○&#10;○○○○○&#10;○○○○○)" classname="Test" time="0.001"/>
  <testcase name="[5] canvas, ○, Filter(width=6, height=8, result=○○○○○○&#10;○○○○○○&#10;○○○○○○&#10;○○○○○○&#10;○○○○○○&#10;○○○○○○&#10;○○○○○○&#10;○○○○○○)" classname="Test" time="0.001"/>
  <testcase name="[6] canvas,  X&#10;/ \&#10;\ /&#10; X, Filter(width=1, height=1, result= X &#10;/ \&#10;\ /&#10; X )" classname="Test" time="0.005">
    <failure message="org.opentest4j.AssertionFailedError: For pattern:&#13;&#10; X&#10;/ \&#10;\ /&#10; X&#13;&#10;, generatorName=canvas, width=1, and height=1 the function applyGenerator should return &#13;&#10; X &#10;/ \&#10;\ /&#10; X &#13;&#10; ==&gt; expected: &lt; X &#13;&#10;/ \&#13;&#10;\ /&#13;&#10; X &#13;&#10;&gt; but was: &lt; X &#10;/ \&#10;\ /&#10; X &#13;&#10;&gt;" type="org.opentest4j.AssertionFailedError">org.opentest4j.AssertionFailedError: For pattern:
 X
/ \
\ /
 X
, generatorName=canvas, width=1, and height=1 the function applyGenerator should return 
 X 
/ \
\ /
 X 
 ==&gt; expected: &lt; X 
/ \
\ /
 X 
&gt; but was: &lt; X 
/ \
\ /
 X 
&gt;
	at app//org.junit.jupiter.api.AssertionFailureBuilder.build(AssertionFailureBuilder.java:151)
	at app//org.junit.jupiter.api.AssertionFailureBuilder.buildAndThrow(AssertionFailureBuilder.java:132)
	at app//org.junit.jupiter.api.AssertEquals.failNotEqual(AssertEquals.java:197)
	at app//org.junit.jupiter.api.AssertEquals.assertEquals(AssertEquals.java:182)
	at app//org.junit.jupiter.api.Assertions.assertEquals(Assertions.java:1152)
	at app//Test.applyGeneratorImplementation(Tests.kt:237)
	at java.base@20.0.2.1/jdk.internal.reflect.DirectMethodHandleAccessor.invoke(DirectMethodHandleAccessor.java:104)
	at java.base@20.0.2.1/java.lang.reflect.Method.invoke(Method.java:578)
	at app//org.junit.platform.commons.util.ReflectionUtils.invokeMethod(ReflectionUtils.java:727)
	at app//org.junit.jupiter.engine.execution.MethodInvocation.proceed(MethodInvocation.java:60)
	at app//org.junit.jupiter.engine.execution.InvocationInterceptorChain$ValidatingInvocation.proceed(InvocationInterceptorChain.java:131)
	at app//org.junit.jupiter.engine.extension.TimeoutExtension.intercept(TimeoutExtension.java:156)
	at app//org.junit.jupiter.engine.extension.TimeoutExtension.interceptTestableMethod(TimeoutExtension.java:147)
	at app//org.junit.jupiter.engine.extension.TimeoutExtension.interceptTestTemplateMethod(TimeoutExtension.java:94)
	at app//org.junit.jupiter.engine.execution.InterceptingExecutableInvoker$ReflectiveInterceptorCall.lambda$ofVoidMethod$0(InterceptingExecutableInvoker.java:103)
	at app//org.junit.jupiter.engine.execution.InterceptingExecutableInvoker.lambda$invoke$0(InterceptingExecutableInvoker.java:93)
	at app//org.junit.jupiter.engine.execution.InvocationInterceptorChain$InterceptedInvocation.proceed(InvocationInterceptorChain.java:106)
	at app//org.junit.jupiter.engine.execution.InvocationInterceptorChain.proceed(InvocationInterceptorChain.java:64)
	at app//org.junit.jupiter.engine.execution.InvocationInterceptorChain.chainAndInvoke(InvocationInterceptorChain.java:45)
	at app//org.junit.jupiter.engine.execution.InvocationInterceptorChain.invoke(InvocationInterceptorChain.java:37)
	at app//org.junit.jupiter.engine.execution.InterceptingExecutableInvoker.invoke(InterceptingExecutableInvoker.java:92)
	at app//org.junit.jupiter.engine.execution.InterceptingExecutableInvoker.invoke(InterceptingExecutableInvoker.java:86)
	at app//org.junit.jupiter.engine.descriptor.TestMethodTestDescriptor.lambda$invokeTestMethod$7(TestMethodTestDescriptor.java:217)
	at app//org.junit.platform.engine.support.hierarchical.ThrowableCollector.execute(ThrowableCollector.java:73)
	at app//org.junit.jupiter.engine.descriptor.TestMethodTestDescriptor.invokeTestMethod(TestMethodTestDescriptor.java:213)
	at app//org.junit.jupiter.engine.descriptor.TestMethodTestDescriptor.execute(TestMethodTestDescriptor.java:138)
	at app//org.junit.jupiter.engine.descriptor.TestMethodTestDescriptor.execute(TestMethodTestDescriptor.java:68)
	at app//org.junit.platform.engine.support.hierarchical.NodeTestTask.lambda$executeRecursively$6(NodeTestTask.java:151)
	at app//org.junit.platform.engine.support.hierarchical.ThrowableCollector.execute(ThrowableCollector.java:73)
	at app//org.junit.platform.engine.support.hierarchical.NodeTestTask.lambda$executeRecursively$8(NodeTestTask.java:141)
	at app//org.junit.platform.engine.support.hierarchical.Node.around(Node.java:137)
	at app//org.junit.platform.engine.support.hierarchical.NodeTestTask.lambda$executeRecursively$9(NodeTestTask.java:139)
	at app//org.junit.platform.engine.support.hierarchical.ThrowableCollector.execute(ThrowableCollector.java:73)
	at app//org.junit.platform.engine.support.hierarchical.NodeTestTask.executeRecursively(NodeTestTask.java:138)
	at app//org.junit.platform.engine.support.hierarchical.NodeTestTask.execute(NodeTestTask.java:95)
	at app//org.junit.platform.engine.support.hierarchical.SameThreadHierarchicalTestExecutorService.submit(SameThreadHierarchicalTestExecutorService.java:35)
	at app//org.junit.platform.engine.support.hierarchical.NodeTestTask$DefaultDynamicTestExecutor.execute(NodeTestTask.java:226)
	at app//org.junit.platform.engine.support.hierarchical.NodeTestTask$DefaultDynamicTestExecutor.execute(NodeTestTask.java:204)
	at app//org.junit.jupiter.engine.descriptor.TestTemplateTestDescriptor.execute(TestTemplateTestDescriptor.java:142)
	at app//org.junit.jupiter.engine.descriptor.TestTemplateTestDescriptor.lambda$execute$2(TestTemplateTestDescriptor.java:110)
	at java.base@20.0.2.1/java.util.stream.ForEachOps$ForEachOp$OfRef.accept(ForEachOps.java:183)
	at java.base@20.0.2.1/java.util.stream.ReferencePipeline$3$1.accept(ReferencePipeline.java:197)
	at java.base@20.0.2.1/java.util.stream.ReferencePipeline$2$1.accept(ReferencePipeline.java:179)
	at java.base@20.0.2.1/java.util.stream.ReferencePipeline$3$1.accept(ReferencePipeline.java:197)
	at java.base@20.0.2.1/java.util.stream.ForEachOps$ForEachOp$OfRef.accept(ForEachOps.java:183)
	at java.base@20.0.2.1/java.util.stream.ReferencePipeline$3$1.accept(ReferencePipeline.java:197)
	at java.base@20.0.2.1/java.util.stream.ReferencePipeline$3$1.accept(ReferencePipeline.java:197)
	at java.base@20.0.2.1/java.util.stream.ReferencePipeline$3$1.accept(ReferencePipeline.java:197)
	at java.base@20.0.2.1/java.util.stream.ForEachOps$ForEachOp$OfRef.accept(ForEachOps.java:183)
	at java.base@20.0.2.1/java.util.stream.ReferencePipeline$3$1.accept(ReferencePipeline.java:197)
	at java.base@20.0.2.1/java.util.ArrayList$ArrayListSpliterator.forEachRemaining(ArrayList.java:1625)
	at java.base@20.0.2.1/java.util.stream.ReferencePipeline$Head.forEach(ReferencePipeline.java:762)
	at java.base@20.0.2.1/java.util.stream.ReferencePipeline$7$1.accept(ReferencePipeline.java:276)
	at java.base@20.0.2.1/java.util.stream.ReferencePipeline$3$1.accept(ReferencePipeline.java:197)
	at java.base@20.0.2.1/java.util.stream.ReferencePipeline$3$1.accept(ReferencePipeline.java:197)
	at java.base@20.0.2.1/java.util.Spliterators$ArraySpliterator.forEachRemaining(Spliterators.java:1006)
	at java.base@20.0.2.1/java.util.stream.AbstractPipeline.copyInto(AbstractPipeline.java:509)
	at java.base@20.0.2.1/java.util.stream.AbstractPipeline.wrapAndCopyInto(AbstractPipeline.java:499)
	at java.base@20.0.2.1/java.util.stream.ForEachOps$ForEachOp.evaluateSequential(ForEachOps.java:150)
	at java.base@20.0.2.1/java.util.stream.ForEachOps$ForEachOp$OfRef.evaluateSequential(ForEachOps.java:173)
	at java.base@20.0.2.1/java.util.stream.AbstractPipeline.evaluate(AbstractPipeline.java:234)
	at java.base@20.0.2.1/java.util.stream.ReferencePipeline.forEach(ReferencePipeline.java:596)
	at java.base@20.0.2.1/java.util.stream.ReferencePipeline$7$1.accept(ReferencePipeline.java:276)
	at java.base@20.0.2.1/java.util.stream.ReferencePipeline$3$1.accept(ReferencePipeline.java:197)
	at java.base@20.0.2.1/java.util.stream.ReferencePipeline$3$1.accept(ReferencePipeline.java:197)
	at java.base@20.0.2.1/java.util.stream.ReferencePipeline$3$1.accept(ReferencePipeline.java:197)
	at java.base@20.0.2.1/java.util.ArrayList$ArrayListSpliterator.forEachRemaining(ArrayList.java:1625)
	at java.base@20.0.2.1/java.util.stream.AbstractPipeline.copyInto(AbstractPipeline.java:509)
	at java.base@20.0.2.1/java.util.stream.AbstractPipeline.wrapAndCopyInto(AbstractPipeline.java:499)
	at java.base@20.0.2.1/java.util.stream.ForEachOps$ForEachOp.evaluateSequential(ForEachOps.java:150)
	at java.base@20.0.2.1/java.util.stream.ForEachOps$ForEachOp$OfRef.evaluateSequential(ForEachOps.java:173)
	at java.base@20.0.2.1/java.util.stream.AbstractPipeline.evaluate(AbstractPipeline.java:234)
	at java.base@20.0.2.1/java.util.stream.ReferencePipeline.forEach(ReferencePipeline.java:596)
	at java.base@20.0.2.1/java.util.stream.ReferencePipeline$7$1.accept(ReferencePipeline.java:276)
	at java.base@20.0.2.1/java.util.ArrayList$ArrayListSpliterator.forEachRemaining(ArrayList.java:1625)
	at java.base@20.0.2.1/java.util.stream.AbstractPipeline.copyInto(AbstractPipeline.java:509)
	at java.base@20.0.2.1/java.util.stream.AbstractPipeline.wrapAndCopyInto(AbstractPipeline.java:499)
	at java.base@20.0.2.1/java.util.stream.ForEachOps$ForEachOp.evaluateSequential(ForEachOps.java:150)
	at java.base@20.0.2.1/java.util.stream.ForEachOps$ForEachOp$OfRef.evaluateSequential(ForEachOps.java:173)
	at java.base@20.0.2.1/java.util.stream.AbstractPipeline.evaluate(AbstractPipeline.java:234)
	at java.base@20.0.2.1/java.util.stream.ReferencePipeline.forEach(ReferencePipeline.java:596)
	at app//org.junit.jupiter.engine.descriptor.TestTemplateTestDescriptor.execute(TestTemplateTestDescriptor.java:110)
	at app//org.junit.jupiter.engine.descriptor.TestTemplateTestDescriptor.execute(TestTemplateTestDescriptor.java:44)
	at app//org.junit.platform.engine.support.hierarchical.NodeTestTask.lambda$executeRecursively$6(NodeTestTask.java:151)
	at app//org.junit.platform.engine.support.hierarchical.ThrowableCollector.execute(ThrowableCollector.java:73)
	at app//org.junit.platform.engine.support.hierarchical.NodeTestTask.lambda$executeRecursively$8(NodeTestTask.java:141)
	at app//org.junit.platform.engine.support.hierarchical.Node.around(Node.java:137)
	at app//org.junit.platform.engine.support.hierarchical.NodeTestTask.lambda$executeRecursively$9(NodeTestTask.java:139)
	at app//org.junit.platform.engine.support.hierarchical.ThrowableCollector.execute(ThrowableCollector.java:73)
	at app//org.junit.platform.engine.support.hierarchical.NodeTestTask.executeRecursively(NodeTestTask.java:138)
	at app//org.junit.platform.engine.support.hierarchical.NodeTestTask.execute(NodeTestTask.java:95)
	at java.base@20.0.2.1/java.util.ArrayList.forEach(ArrayList.java:1511)
	at app//org.junit.platform.engine.support.hierarchical.SameThreadHierarchicalTestExecutorService.invokeAll(SameThreadHierarchicalTestExecutorService.java:41)
	at app//org.junit.platform.engine.support.hierarchical.NodeTestTask.lambda$executeRecursively$6(NodeTestTask.java:155)
	at app//org.junit.platform.engine.support.hierarchical.ThrowableCollector.execute(ThrowableCollector.java:73)
	at app//org.junit.platform.engine.support.hierarchical.NodeTestTask.lambda$executeRecursively$8(NodeTestTask.java:141)
	at app//org.junit.platform.engine.support.hierarchical.Node.around(Node.java:137)
	at app//org.junit.platform.engine.support.hierarchical.NodeTestTask.lambda$executeRecursively$9(NodeTestTask.java:139)
	at app//org.junit.platform.engine.support.hierarchical.ThrowableCollector.execute(ThrowableCollector.java:73)
	at app//org.junit.platform.engine.support.hierarchical.NodeTestTask.executeRecursively(NodeTestTask.java:138)
	at app//org.junit.platform.engine.support.hierarchical.NodeTestTask.execute(NodeTestTask.java:95)
	at java.base@20.0.2.1/java.util.ArrayList.forEach(ArrayList.java:1511)
	at app//org.junit.platform.engine.support.hierarchical.SameThreadHierarchicalTestExecutorService.invokeAll(SameThreadHierarchicalTestExecutorService.java:41)
	at app//org.junit.platform.engine.support.hierarchical.NodeTestTask.lambda$executeRecursively$6(NodeTestTask.java:155)
	at app//org.junit.platform.engine.support.hierarchical.ThrowableCollector.execute(ThrowableCollector.java:73)
	at app//org.junit.platform.engine.support.hierarchical.NodeTestTask.lambda$executeRecursively$8(NodeTestTask.java:141)
	at app//org.junit.platform.engine.support.hierarchical.Node.around(Node.java:137)
	at app//org.junit.platform.engine.support.hierarchical.NodeTestTask.lambda$executeRecursively$9(NodeTestTask.java:139)
	at app//org.junit.platform.engine.support.hierarchical.ThrowableCollector.execute(ThrowableCollector.java:73)
	at app//org.junit.platform.engine.support.hierarchical.NodeTestTask.executeRecursively(NodeTestTask.java:138)
	at app//org.junit.platform.engine.support.hierarchical.NodeTestTask.execute(NodeTestTask.java:95)
	at app//org.junit.platform.engine.support.hierarchical.SameThreadHierarchicalTestExecutorService.submit(SameThreadHierarchicalTestExecutorService.java:35)
	at app//org.junit.platform.engine.support.hierarchical.HierarchicalTestExecutor.execute(HierarchicalTestExecutor.java:57)
	at app//org.junit.platform.engine.support.hierarchical.HierarchicalTestEngine.execute(HierarchicalTestEngine.java:54)
	at app//org.junit.platform.launcher.core.EngineExecutionOrchestrator.execute(EngineExecutionOrchestrator.java:147)
	at app//org.junit.platform.launcher.core.EngineExecutionOrchestrator.execute(EngineExecutionOrchestrator.java:127)
	at app//org.junit.platform.launcher.core.EngineExecutionOrchestrator.execute(EngineExecutionOrchestrator.java:90)
	at app//org.junit.platform.launcher.core.EngineExecutionOrchestrator.lambda$execute$0(EngineExecutionOrchestrator.java:55)
	at app//org.junit.platform.launcher.core.EngineExecutionOrchestrator.withInterceptedStreams(EngineExecutionOrchestrator.java:102)
	at app//org.junit.platform.launcher.core.EngineExecutionOrchestrator.execute(EngineExecutionOrchestrator.java:54)
	at app//org.junit.platform.launcher.core.DefaultLauncher.execute(DefaultLauncher.java:114)
	at app//org.junit.platform.launcher.core.DefaultLauncher.execute(DefaultLauncher.java:86)
	at app//org.junit.platform.launcher.core.DefaultLauncherSession$DelegatingLauncher.execute(DefaultLauncherSession.java:86)
	at org.gradle.api.internal.tasks.testing.junitplatform.JUnitPlatformTestClassProcessor$CollectAllTestClassesExecutor.processAllTestClasses(JUnitPlatformTestClassProcessor.java:119)
	at org.gradle.api.internal.tasks.testing.junitplatform.JUnitPlatformTestClassProcessor$CollectAllTestClassesExecutor.access$000(JUnitPlatformTestClassProcessor.java:94)
	at org.gradle.api.internal.tasks.testing.junitplatform.JUnitPlatformTestClassProcessor.stop(JUnitPlatformTestClassProcessor.java:89)
	at org.gradle.api.internal.tasks.testing.SuiteTestClassProcessor.stop(SuiteTestClassProcessor.java:62)
	at java.base@20.0.2.1/jdk.internal.reflect.DirectMethodHandleAccessor.invoke(DirectMethodHandleAccessor.java:104)
	at java.base@20.0.2.1/java.lang.reflect.Method.invoke(Method.java:578)
	at org.gradle.internal.dispatch.ReflectionDispatch.dispatch(ReflectionDispatch.java:36)
	at org.gradle.internal.dispatch.ReflectionDispatch.dispatch(ReflectionDispatch.java:24)
	at org.gradle.internal.dispatch.ContextClassLoaderDispatch.dispatch(ContextClassLoaderDispatch.java:33)
	at org.gradle.internal.dispatch.ProxyDispatchAdapter$DispatchingInvocationHandler.invoke(ProxyDispatchAdapter.java:94)
	at jdk.proxy1/jdk.proxy1.$Proxy2.stop(Unknown Source)
	at org.gradle.api.internal.tasks.testing.worker.TestWorker$3.run(TestWorker.java:193)
	at org.gradle.api.internal.tasks.testing.worker.TestWorker.executeAndMaintainThreadName(TestWorker.java:129)
	at org.gradle.api.internal.tasks.testing.worker.TestWorker.execute(TestWorker.java:100)
	at org.gradle.api.internal.tasks.testing.worker.TestWorker.execute(TestWorker.java:60)
	at org.gradle.process.internal.worker.child.ActionExecutionWorker.execute(ActionExecutionWorker.java:56)
	at org.gradle.process.internal.worker.child.SystemApplicationClassLoaderWorker.call(SystemApplicationClassLoaderWorker.java:113)
	at org.gradle.process.internal.worker.child.SystemApplicationClassLoaderWorker.call(SystemApplicationClassLoaderWorker.java:65)
	at app//worker.org.gradle.process.internal.worker.GradleWorkerMain.run(GradleWorkerMain.java:69)
	at app//worker.org.gradle.process.internal.worker.GradleWorkerMain.main(GradleWorkerMain.java:74)
</failure>
  </testcase>
  <testcase name="[7] canvas,  X&#10;/ \&#10;\ /&#10; X, Filter(width=2, height=1, result= X  X &#10;/ \/ \&#10;\ /\ /&#10; X  X )" classname="Test" time="0.002">
    <failure message="org.opentest4j.AssertionFailedError: For pattern:&#13;&#10; X&#10;/ \&#10;\ /&#10; X&#13;&#10;, generatorName=canvas, width=2, and height=1 the function applyGenerator should return &#13;&#10; X  X &#10;/ \/ \&#10;\ /\ /&#10; X  X &#13;&#10; ==&gt; expected: &lt; X  X &#13;&#10;/ \/ \&#13;&#10;\ /\ /&#13;&#10; X  X &#13;&#10;&gt; but was: &lt; X  X &#10;/ \/ \&#10;\ /\ /&#10; X  X &#13;&#10;&gt;" type="org.opentest4j.AssertionFailedError">org.opentest4j.AssertionFailedError: For pattern:
 X
/ \
\ /
 X
, generatorName=canvas, width=2, and height=1 the function applyGenerator should return 
 X  X 
/ \/ \
\ /\ /
 X  X 
 ==&gt; expected: &lt; X  X 
/ \/ \
\ /\ /
 X  X 
&gt; but was: &lt; X  X 
/ \/ \
\ /\ /
 X  X 
&gt;
	at app//org.junit.jupiter.api.AssertionFailureBuilder.build(AssertionFailureBuilder.java:151)
	at app//org.junit.jupiter.api.AssertionFailureBuilder.buildAndThrow(AssertionFailureBuilder.java:132)
	at app//org.junit.jupiter.api.AssertEquals.failNotEqual(AssertEquals.java:197)
	at app//org.junit.jupiter.api.AssertEquals.assertEquals(AssertEquals.java:182)
	at app//org.junit.jupiter.api.Assertions.assertEquals(Assertions.java:1152)
	at app//Test.applyGeneratorImplementation(Tests.kt:237)
	at java.base@20.0.2.1/jdk.internal.reflect.DirectMethodHandleAccessor.invoke(DirectMethodHandleAccessor.java:104)
	at java.base@20.0.2.1/java.lang.reflect.Method.invoke(Method.java:578)
	at app//org.junit.platform.commons.util.ReflectionUtils.invokeMethod(ReflectionUtils.java:727)
	at app//org.junit.jupiter.engine.execution.MethodInvocation.proceed(MethodInvocation.java:60)
	at app//org.junit.jupiter.engine.execution.InvocationInterceptorChain$ValidatingInvocation.proceed(InvocationInterceptorChain.java:131)
	at app//org.junit.jupiter.engine.extension.TimeoutExtension.intercept(TimeoutExtension.java:156)
	at app//org.junit.jupiter.engine.extension.TimeoutExtension.interceptTestableMethod(TimeoutExtension.java:147)
	at app//org.junit.jupiter.engine.extension.TimeoutExtension.interceptTestTemplateMethod(TimeoutExtension.java:94)
	at app//org.junit.jupiter.engine.execution.InterceptingExecutableInvoker$ReflectiveInterceptorCall.lambda$ofVoidMethod$0(InterceptingExecutableInvoker.java:103)
	at app//org.junit.jupiter.engine.execution.InterceptingExecutableInvoker.lambda$invoke$0(InterceptingExecutableInvoker.java:93)
	at app//org.junit.jupiter.engine.execution.InvocationInterceptorChain$InterceptedInvocation.proceed(InvocationInterceptorChain.java:106)
	at app//org.junit.jupiter.engine.execution.InvocationInterceptorChain.proceed(InvocationInterceptorChain.java:64)
	at app//org.junit.jupiter.engine.execution.InvocationInterceptorChain.chainAndInvoke(InvocationInterceptorChain.java:45)
	at app//org.junit.jupiter.engine.execution.InvocationInterceptorChain.invoke(InvocationInterceptorChain.java:37)
	at app//org.junit.jupiter.engine.execution.InterceptingExecutableInvoker.invoke(InterceptingExecutableInvoker.java:92)
	at app//org.junit.jupiter.engine.execution.InterceptingExecutableInvoker.invoke(InterceptingExecutableInvoker.java:86)
	at app//org.junit.jupiter.engine.descriptor.TestMethodTestDescriptor.lambda$invokeTestMethod$7(TestMethodTestDescriptor.java:217)
	at app//org.junit.platform.engine.support.hierarchical.ThrowableCollector.execute(ThrowableCollector.java:73)
	at app//org.junit.jupiter.engine.descriptor.TestMethodTestDescriptor.invokeTestMethod(TestMethodTestDescriptor.java:213)
	at app//org.junit.jupiter.engine.descriptor.TestMethodTestDescriptor.execute(TestMethodTestDescriptor.java:138)
	at app//org.junit.jupiter.engine.descriptor.TestMethodTestDescriptor.execute(TestMethodTestDescriptor.java:68)
	at app//org.junit.platform.engine.support.hierarchical.NodeTestTask.lambda$executeRecursively$6(NodeTestTask.java:151)
	at app//org.junit.platform.engine.support.hierarchical.ThrowableCollector.execute(ThrowableCollector.java:73)
	at app//org.junit.platform.engine.support.hierarchical.NodeTestTask.lambda$executeRecursively$8(NodeTestTask.java:141)
	at app//org.junit.platform.engine.support.hierarchical.Node.around(Node.java:137)
	at app//org.junit.platform.engine.support.hierarchical.NodeTestTask.lambda$executeRecursively$9(NodeTestTask.java:139)
	at app//org.junit.platform.engine.support.hierarchical.ThrowableCollector.execute(ThrowableCollector.java:73)
	at app//org.junit.platform.engine.support.hierarchical.NodeTestTask.executeRecursively(NodeTestTask.java:138)
	at app//org.junit.platform.engine.support.hierarchical.NodeTestTask.execute(NodeTestTask.java:95)
	at app//org.junit.platform.engine.support.hierarchical.SameThreadHierarchicalTestExecutorService.submit(SameThreadHierarchicalTestExecutorService.java:35)
	at app//org.junit.platform.engine.support.hierarchical.NodeTestTask$DefaultDynamicTestExecutor.execute(NodeTestTask.java:226)
	at app//org.junit.platform.engine.support.hierarchical.NodeTestTask$DefaultDynamicTestExecutor.execute(NodeTestTask.java:204)
	at app//org.junit.jupiter.engine.descriptor.TestTemplateTestDescriptor.execute(TestTemplateTestDescriptor.java:142)
	at app//org.junit.jupiter.engine.descriptor.TestTemplateTestDescriptor.lambda$execute$2(TestTemplateTestDescriptor.java:110)
	at java.base@20.0.2.1/java.util.stream.ForEachOps$ForEachOp$OfRef.accept(ForEachOps.java:183)
	at java.base@20.0.2.1/java.util.stream.ReferencePipeline$3$1.accept(ReferencePipeline.java:197)
	at java.base@20.0.2.1/java.util.stream.ReferencePipeline$2$1.accept(ReferencePipeline.java:179)
	at java.base@20.0.2.1/java.util.stream.ReferencePipeline$3$1.accept(ReferencePipeline.java:197)
	at java.base@20.0.2.1/java.util.stream.ForEachOps$ForEachOp$OfRef.accept(ForEachOps.java:183)
	at java.base@20.0.2.1/java.util.stream.ReferencePipeline$3$1.accept(ReferencePipeline.java:197)
	at java.base@20.0.2.1/java.util.stream.ReferencePipeline$3$1.accept(ReferencePipeline.java:197)
	at java.base@20.0.2.1/java.util.stream.ReferencePipeline$3$1.accept(ReferencePipeline.java:197)
	at java.base@20.0.2.1/java.util.stream.ForEachOps$ForEachOp$OfRef.accept(ForEachOps.java:183)
	at java.base@20.0.2.1/java.util.stream.ReferencePipeline$3$1.accept(ReferencePipeline.java:197)
	at java.base@20.0.2.1/java.util.ArrayList$ArrayListSpliterator.forEachRemaining(ArrayList.java:1625)
	at java.base@20.0.2.1/java.util.stream.ReferencePipeline$Head.forEach(ReferencePipeline.java:762)
	at java.base@20.0.2.1/java.util.stream.ReferencePipeline$7$1.accept(ReferencePipeline.java:276)
	at java.base@20.0.2.1/java.util.stream.ReferencePipeline$3$1.accept(ReferencePipeline.java:197)
	at java.base@20.0.2.1/java.util.stream.ReferencePipeline$3$1.accept(ReferencePipeline.java:197)
	at java.base@20.0.2.1/java.util.Spliterators$ArraySpliterator.forEachRemaining(Spliterators.java:1006)
	at java.base@20.0.2.1/java.util.stream.AbstractPipeline.copyInto(AbstractPipeline.java:509)
	at java.base@20.0.2.1/java.util.stream.AbstractPipeline.wrapAndCopyInto(AbstractPipeline.java:499)
	at java.base@20.0.2.1/java.util.stream.ForEachOps$ForEachOp.evaluateSequential(ForEachOps.java:150)
	at java.base@20.0.2.1/java.util.stream.ForEachOps$ForEachOp$OfRef.evaluateSequential(ForEachOps.java:173)
	at java.base@20.0.2.1/java.util.stream.AbstractPipeline.evaluate(AbstractPipeline.java:234)
	at java.base@20.0.2.1/java.util.stream.ReferencePipeline.forEach(ReferencePipeline.java:596)
	at java.base@20.0.2.1/java.util.stream.ReferencePipeline$7$1.accept(ReferencePipeline.java:276)
	at java.base@20.0.2.1/java.util.stream.ReferencePipeline$3$1.accept(ReferencePipeline.java:197)
	at java.base@20.0.2.1/java.util.stream.ReferencePipeline$3$1.accept(ReferencePipeline.java:197)
	at java.base@20.0.2.1/java.util.stream.ReferencePipeline$3$1.accept(ReferencePipeline.java:197)
	at java.base@20.0.2.1/java.util.ArrayList$ArrayListSpliterator.forEachRemaining(ArrayList.java:1625)
	at java.base@20.0.2.1/java.util.stream.AbstractPipeline.copyInto(AbstractPipeline.java:509)
	at java.base@20.0.2.1/java.util.stream.AbstractPipeline.wrapAndCopyInto(AbstractPipeline.java:499)
	at java.base@20.0.2.1/java.util.stream.ForEachOps$ForEachOp.evaluateSequential(ForEachOps.java:150)
	at java.base@20.0.2.1/java.util.stream.ForEachOps$ForEachOp$OfRef.evaluateSequential(ForEachOps.java:173)
	at java.base@20.0.2.1/java.util.stream.AbstractPipeline.evaluate(AbstractPipeline.java:234)
	at java.base@20.0.2.1/java.util.stream.ReferencePipeline.forEach(ReferencePipeline.java:596)
	at java.base@20.0.2.1/java.util.stream.ReferencePipeline$7$1.accept(ReferencePipeline.java:276)
	at java.base@20.0.2.1/java.util.ArrayList$ArrayListSpliterator.forEachRemaining(ArrayList.java:1625)
	at java.base@20.0.2.1/java.util.stream.AbstractPipeline.copyInto(AbstractPipeline.java:509)
	at java.base@20.0.2.1/java.util.stream.AbstractPipeline.wrapAndCopyInto(AbstractPipeline.java:499)
	at java.base@20.0.2.1/java.util.stream.ForEachOps$ForEachOp.evaluateSequential(ForEachOps.java:150)
	at java.base@20.0.2.1/java.util.stream.ForEachOps$ForEachOp$OfRef.evaluateSequential(ForEachOps.java:173)
	at java.base@20.0.2.1/java.util.stream.AbstractPipeline.evaluate(AbstractPipeline.java:234)
	at java.base@20.0.2.1/java.util.stream.ReferencePipeline.forEach(ReferencePipeline.java:596)
	at app//org.junit.jupiter.engine.descriptor.TestTemplateTestDescriptor.execute(TestTemplateTestDescriptor.java:110)
	at app//org.junit.jupiter.engine.descriptor.TestTemplateTestDescriptor.execute(TestTemplateTestDescriptor.java:44)
	at app//org.junit.platform.engine.support.hierarchical.NodeTestTask.lambda$executeRecursively$6(NodeTestTask.java:151)
	at app//org.junit.platform.engine.support.hierarchical.ThrowableCollector.execute(ThrowableCollector.java:73)
	at app//org.junit.platform.engine.support.hierarchical.NodeTestTask.lambda$executeRecursively$8(NodeTestTask.java:141)
	at app//org.junit.platform.engine.support.hierarchical.Node.around(Node.java:137)
	at app//org.junit.platform.engine.support.hierarchical.NodeTestTask.lambda$executeRecursively$9(NodeTestTask.java:139)
	at app//org.junit.platform.engine.support.hierarchical.ThrowableCollector.execute(ThrowableCollector.java:73)
	at app//org.junit.platform.engine.support.hierarchical.NodeTestTask.executeRecursively(NodeTestTask.java:138)
	at app//org.junit.platform.engine.support.hierarchical.NodeTestTask.execute(NodeTestTask.java:95)
	at java.base@20.0.2.1/java.util.ArrayList.forEach(ArrayList.java:1511)
	at app//org.junit.platform.engine.support.hierarchical.SameThreadHierarchicalTestExecutorService.invokeAll(SameThreadHierarchicalTestExecutorService.java:41)
	at app//org.junit.platform.engine.support.hierarchical.NodeTestTask.lambda$executeRecursively$6(NodeTestTask.java:155)
	at app//org.junit.platform.engine.support.hierarchical.ThrowableCollector.execute(ThrowableCollector.java:73)
	at app//org.junit.platform.engine.support.hierarchical.NodeTestTask.lambda$executeRecursively$8(NodeTestTask.java:141)
	at app//org.junit.platform.engine.support.hierarchical.Node.around(Node.java:137)
	at app//org.junit.platform.engine.support.hierarchical.NodeTestTask.lambda$executeRecursively$9(NodeTestTask.java:139)
	at app//org.junit.platform.engine.support.hierarchical.ThrowableCollector.execute(ThrowableCollector.java:73)
	at app//org.junit.platform.engine.support.hierarchical.NodeTestTask.executeRecursively(NodeTestTask.java:138)
	at app//org.junit.platform.engine.support.hierarchical.NodeTestTask.execute(NodeTestTask.java:95)
	at java.base@20.0.2.1/java.util.ArrayList.forEach(ArrayList.java:1511)
	at app//org.junit.platform.engine.support.hierarchical.SameThreadHierarchicalTestExecutorService.invokeAll(SameThreadHierarchicalTestExecutorService.java:41)
	at app//org.junit.platform.engine.support.hierarchical.NodeTestTask.lambda$executeRecursively$6(NodeTestTask.java:155)
	at app//org.junit.platform.engine.support.hierarchical.ThrowableCollector.execute(ThrowableCollector.java:73)
	at app//org.junit.platform.engine.support.hierarchical.NodeTestTask.lambda$executeRecursively$8(NodeTestTask.java:141)
	at app//org.junit.platform.engine.support.hierarchical.Node.around(Node.java:137)
	at app//org.junit.platform.engine.support.hierarchical.NodeTestTask.lambda$executeRecursively$9(NodeTestTask.java:139)
	at app//org.junit.platform.engine.support.hierarchical.ThrowableCollector.execute(ThrowableCollector.java:73)
	at app//org.junit.platform.engine.support.hierarchical.NodeTestTask.executeRecursively(NodeTestTask.java:138)
	at app//org.junit.platform.engine.support.hierarchical.NodeTestTask.execute(NodeTestTask.java:95)
	at app//org.junit.platform.engine.support.hierarchical.SameThreadHierarchicalTestExecutorService.submit(SameThreadHierarchicalTestExecutorService.java:35)
	at app//org.junit.platform.engine.support.hierarchical.HierarchicalTestExecutor.execute(HierarchicalTestExecutor.java:57)
	at app//org.junit.platform.engine.support.hierarchical.HierarchicalTestEngine.execute(HierarchicalTestEngine.java:54)
	at app//org.junit.platform.launcher.core.EngineExecutionOrchestrator.execute(EngineExecutionOrchestrator.java:147)
	at app//org.junit.platform.launcher.core.EngineExecutionOrchestrator.execute(EngineExecutionOrchestrator.java:127)
	at app//org.junit.platform.launcher.core.EngineExecutionOrchestrator.execute(EngineExecutionOrchestrator.java:90)
	at app//org.junit.platform.launcher.core.EngineExecutionOrchestrator.lambda$execute$0(EngineExecutionOrchestrator.java:55)
	at app//org.junit.platform.launcher.core.EngineExecutionOrchestrator.withInterceptedStreams(EngineExecutionOrchestrator.java:102)
	at app//org.junit.platform.launcher.core.EngineExecutionOrchestrator.execute(EngineExecutionOrchestrator.java:54)
	at app//org.junit.platform.launcher.core.DefaultLauncher.execute(DefaultLauncher.java:114)
	at app//org.junit.platform.launcher.core.DefaultLauncher.execute(DefaultLauncher.java:86)
	at app//org.junit.platform.launcher.core.DefaultLauncherSession$DelegatingLauncher.execute(DefaultLauncherSession.java:86)
	at org.gradle.api.internal.tasks.testing.junitplatform.JUnitPlatformTestClassProcessor$CollectAllTestClassesExecutor.processAllTestClasses(JUnitPlatformTestClassProcessor.java:119)
	at org.gradle.api.internal.tasks.testing.junitplatform.JUnitPlatformTestClassProcessor$CollectAllTestClassesExecutor.access$000(JUnitPlatformTestClassProcessor.java:94)
	at org.gradle.api.internal.tasks.testing.junitplatform.JUnitPlatformTestClassProcessor.stop(JUnitPlatformTestClassProcessor.java:89)
	at org.gradle.api.internal.tasks.testing.SuiteTestClassProcessor.stop(SuiteTestClassProcessor.java:62)
	at java.base@20.0.2.1/jdk.internal.reflect.DirectMethodHandleAccessor.invoke(DirectMethodHandleAccessor.java:104)
	at java.base@20.0.2.1/java.lang.reflect.Method.invoke(Method.java:578)
	at org.gradle.internal.dispatch.ReflectionDispatch.dispatch(ReflectionDispatch.java:36)
	at org.gradle.internal.dispatch.ReflectionDispatch.dispatch(ReflectionDispatch.java:24)
	at org.gradle.internal.dispatch.ContextClassLoaderDispatch.dispatch(ContextClassLoaderDispatch.java:33)
	at org.gradle.internal.dispatch.ProxyDispatchAdapter$DispatchingInvocationHandler.invoke(ProxyDispatchAdapter.java:94)
	at jdk.proxy1/jdk.proxy1.$Proxy2.stop(Unknown Source)
	at org.gradle.api.internal.tasks.testing.worker.TestWorker$3.run(TestWorker.java:193)
	at org.gradle.api.internal.tasks.testing.worker.TestWorker.executeAndMaintainThreadName(TestWorker.java:129)
	at org.gradle.api.internal.tasks.testing.worker.TestWorker.execute(TestWorker.java:100)
	at org.gradle.api.internal.tasks.testing.worker.TestWorker.execute(TestWorker.java:60)
	at org.gradle.process.internal.worker.child.ActionExecutionWorker.execute(ActionExecutionWorker.java:56)
	at org.gradle.process.internal.worker.child.SystemApplicationClassLoaderWorker.call(SystemApplicationClassLoaderWorker.java:113)
	at org.gradle.process.internal.worker.child.SystemApplicationClassLoaderWorker.call(SystemApplicationClassLoaderWorker.java:65)
	at app//worker.org.gradle.process.internal.worker.GradleWorkerMain.run(GradleWorkerMain.java:69)
	at app//worker.org.gradle.process.internal.worker.GradleWorkerMain.main(GradleWorkerMain.java:74)
</failure>
  </testcase>
  <testcase name="[8] canvas,  X&#10;/ \&#10;\ /&#10; X, Filter(width=1, height=2, result= X &#10;/ \&#10;\ /&#10; X &#10;/ \&#10;\ /&#10; X )" classname="Test" time="0.001">
    <failure message="org.opentest4j.AssertionFailedError: For pattern:&#13;&#10; X&#10;/ \&#10;\ /&#10; X&#13;&#10;, generatorName=canvas, width=1, and height=2 the function applyGenerator should return &#13;&#10; X &#10;/ \&#10;\ /&#10; X &#10;/ \&#10;\ /&#10; X &#13;&#10; ==&gt; expected: &lt; X &#13;&#10;/ \&#13;&#10;\ /&#13;&#10; X &#13;&#10;/ \&#13;&#10;\ /&#13;&#10; X &#13;&#10;&gt; but was: &lt; X &#10;/ \&#10;\ /&#10; X &#13;&#10;/ \&#10;\ /&#10; X &#13;&#10;&gt;" type="org.opentest4j.AssertionFailedError">org.opentest4j.AssertionFailedError: For pattern:
 X
/ \
\ /
 X
, generatorName=canvas, width=1, and height=2 the function applyGenerator should return 
 X 
/ \
\ /
 X 
/ \
\ /
 X 
 ==&gt; expected: &lt; X 
/ \
\ /
 X 
/ \
\ /
 X 
&gt; but was: &lt; X 
/ \
\ /
 X 
/ \
\ /
 X 
&gt;
	at app//org.junit.jupiter.api.AssertionFailureBuilder.build(AssertionFailureBuilder.java:151)
	at app//org.junit.jupiter.api.AssertionFailureBuilder.buildAndThrow(AssertionFailureBuilder.java:132)
	at app//org.junit.jupiter.api.AssertEquals.failNotEqual(AssertEquals.java:197)
	at app//org.junit.jupiter.api.AssertEquals.assertEquals(AssertEquals.java:182)
	at app//org.junit.jupiter.api.Assertions.assertEquals(Assertions.java:1152)
	at app//Test.applyGeneratorImplementation(Tests.kt:237)
	at java.base@20.0.2.1/jdk.internal.reflect.DirectMethodHandleAccessor.invoke(DirectMethodHandleAccessor.java:104)
	at java.base@20.0.2.1/java.lang.reflect.Method.invoke(Method.java:578)
	at app//org.junit.platform.commons.util.ReflectionUtils.invokeMethod(ReflectionUtils.java:727)
	at app//org.junit.jupiter.engine.execution.MethodInvocation.proceed(MethodInvocation.java:60)
	at app//org.junit.jupiter.engine.execution.InvocationInterceptorChain$ValidatingInvocation.proceed(InvocationInterceptorChain.java:131)
	at app//org.junit.jupiter.engine.extension.TimeoutExtension.intercept(TimeoutExtension.java:156)
	at app//org.junit.jupiter.engine.extension.TimeoutExtension.interceptTestableMethod(TimeoutExtension.java:147)
	at app//org.junit.jupiter.engine.extension.TimeoutExtension.interceptTestTemplateMethod(TimeoutExtension.java:94)
	at app//org.junit.jupiter.engine.execution.InterceptingExecutableInvoker$ReflectiveInterceptorCall.lambda$ofVoidMethod$0(InterceptingExecutableInvoker.java:103)
	at app//org.junit.jupiter.engine.execution.InterceptingExecutableInvoker.lambda$invoke$0(InterceptingExecutableInvoker.java:93)
	at app//org.junit.jupiter.engine.execution.InvocationInterceptorChain$InterceptedInvocation.proceed(InvocationInterceptorChain.java:106)
	at app//org.junit.jupiter.engine.execution.InvocationInterceptorChain.proceed(InvocationInterceptorChain.java:64)
	at app//org.junit.jupiter.engine.execution.InvocationInterceptorChain.chainAndInvoke(InvocationInterceptorChain.java:45)
	at app//org.junit.jupiter.engine.execution.InvocationInterceptorChain.invoke(InvocationInterceptorChain.java:37)
	at app//org.junit.jupiter.engine.execution.InterceptingExecutableInvoker.invoke(InterceptingExecutableInvoker.java:92)
	at app//org.junit.jupiter.engine.execution.InterceptingExecutableInvoker.invoke(InterceptingExecutableInvoker.java:86)
	at app//org.junit.jupiter.engine.descriptor.TestMethodTestDescriptor.lambda$invokeTestMethod$7(TestMethodTestDescriptor.java:217)
	at app//org.junit.platform.engine.support.hierarchical.ThrowableCollector.execute(ThrowableCollector.java:73)
	at app//org.junit.jupiter.engine.descriptor.TestMethodTestDescriptor.invokeTestMethod(TestMethodTestDescriptor.java:213)
	at app//org.junit.jupiter.engine.descriptor.TestMethodTestDescriptor.execute(TestMethodTestDescriptor.java:138)
	at app//org.junit.jupiter.engine.descriptor.TestMethodTestDescriptor.execute(TestMethodTestDescriptor.java:68)
	at app//org.junit.platform.engine.support.hierarchical.NodeTestTask.lambda$executeRecursively$6(NodeTestTask.java:151)
	at app//org.junit.platform.engine.support.hierarchical.ThrowableCollector.execute(ThrowableCollector.java:73)
	at app//org.junit.platform.engine.support.hierarchical.NodeTestTask.lambda$executeRecursively$8(NodeTestTask.java:141)
	at app//org.junit.platform.engine.support.hierarchical.Node.around(Node.java:137)
	at app//org.junit.platform.engine.support.hierarchical.NodeTestTask.lambda$executeRecursively$9(NodeTestTask.java:139)
	at app//org.junit.platform.engine.support.hierarchical.ThrowableCollector.execute(ThrowableCollector.java:73)
	at app//org.junit.platform.engine.support.hierarchical.NodeTestTask.executeRecursively(NodeTestTask.java:138)
	at app//org.junit.platform.engine.support.hierarchical.NodeTestTask.execute(NodeTestTask.java:95)
	at app//org.junit.platform.engine.support.hierarchical.SameThreadHierarchicalTestExecutorService.submit(SameThreadHierarchicalTestExecutorService.java:35)
	at app//org.junit.platform.engine.support.hierarchical.NodeTestTask$DefaultDynamicTestExecutor.execute(NodeTestTask.java:226)
	at app//org.junit.platform.engine.support.hierarchical.NodeTestTask$DefaultDynamicTestExecutor.execute(NodeTestTask.java:204)
	at app//org.junit.jupiter.engine.descriptor.TestTemplateTestDescriptor.execute(TestTemplateTestDescriptor.java:142)
	at app//org.junit.jupiter.engine.descriptor.TestTemplateTestDescriptor.lambda$execute$2(TestTemplateTestDescriptor.java:110)
	at java.base@20.0.2.1/java.util.stream.ForEachOps$ForEachOp$OfRef.accept(ForEachOps.java:183)
	at java.base@20.0.2.1/java.util.stream.ReferencePipeline$3$1.accept(ReferencePipeline.java:197)
	at java.base@20.0.2.1/java.util.stream.ReferencePipeline$2$1.accept(ReferencePipeline.java:179)
	at java.base@20.0.2.1/java.util.stream.ReferencePipeline$3$1.accept(ReferencePipeline.java:197)
	at java.base@20.0.2.1/java.util.stream.ForEachOps$ForEachOp$OfRef.accept(ForEachOps.java:183)
	at java.base@20.0.2.1/java.util.stream.ReferencePipeline$3$1.accept(ReferencePipeline.java:197)
	at java.base@20.0.2.1/java.util.stream.ReferencePipeline$3$1.accept(ReferencePipeline.java:197)
	at java.base@20.0.2.1/java.util.stream.ReferencePipeline$3$1.accept(ReferencePipeline.java:197)
	at java.base@20.0.2.1/java.util.stream.ForEachOps$ForEachOp$OfRef.accept(ForEachOps.java:183)
	at java.base@20.0.2.1/java.util.stream.ReferencePipeline$3$1.accept(ReferencePipeline.java:197)
	at java.base@20.0.2.1/java.util.ArrayList$ArrayListSpliterator.forEachRemaining(ArrayList.java:1625)
	at java.base@20.0.2.1/java.util.stream.ReferencePipeline$Head.forEach(ReferencePipeline.java:762)
	at java.base@20.0.2.1/java.util.stream.ReferencePipeline$7$1.accept(ReferencePipeline.java:276)
	at java.base@20.0.2.1/java.util.stream.ReferencePipeline$3$1.accept(ReferencePipeline.java:197)
	at java.base@20.0.2.1/java.util.stream.ReferencePipeline$3$1.accept(ReferencePipeline.java:197)
	at java.base@20.0.2.1/java.util.Spliterators$ArraySpliterator.forEachRemaining(Spliterators.java:1006)
	at java.base@20.0.2.1/java.util.stream.AbstractPipeline.copyInto(AbstractPipeline.java:509)
	at java.base@20.0.2.1/java.util.stream.AbstractPipeline.wrapAndCopyInto(AbstractPipeline.java:499)
	at java.base@20.0.2.1/java.util.stream.ForEachOps$ForEachOp.evaluateSequential(ForEachOps.java:150)
	at java.base@20.0.2.1/java.util.stream.ForEachOps$ForEachOp$OfRef.evaluateSequential(ForEachOps.java:173)
	at java.base@20.0.2.1/java.util.stream.AbstractPipeline.evaluate(AbstractPipeline.java:234)
	at java.base@20.0.2.1/java.util.stream.ReferencePipeline.forEach(ReferencePipeline.java:596)
	at java.base@20.0.2.1/java.util.stream.ReferencePipeline$7$1.accept(ReferencePipeline.java:276)
	at java.base@20.0.2.1/java.util.stream.ReferencePipeline$3$1.accept(ReferencePipeline.java:197)
	at java.base@20.0.2.1/java.util.stream.ReferencePipeline$3$1.accept(ReferencePipeline.java:197)
	at java.base@20.0.2.1/java.util.stream.ReferencePipeline$3$1.accept(ReferencePipeline.java:197)
	at java.base@20.0.2.1/java.util.ArrayList$ArrayListSpliterator.forEachRemaining(ArrayList.java:1625)
	at java.base@20.0.2.1/java.util.stream.AbstractPipeline.copyInto(AbstractPipeline.java:509)
	at java.base@20.0.2.1/java.util.stream.AbstractPipeline.wrapAndCopyInto(AbstractPipeline.java:499)
	at java.base@20.0.2.1/java.util.stream.ForEachOps$ForEachOp.evaluateSequential(ForEachOps.java:150)
	at java.base@20.0.2.1/java.util.stream.ForEachOps$ForEachOp$OfRef.evaluateSequential(ForEachOps.java:173)
	at java.base@20.0.2.1/java.util.stream.AbstractPipeline.evaluate(AbstractPipeline.java:234)
	at java.base@20.0.2.1/java.util.stream.ReferencePipeline.forEach(ReferencePipeline.java:596)
	at java.base@20.0.2.1/java.util.stream.ReferencePipeline$7$1.accept(ReferencePipeline.java:276)
	at java.base@20.0.2.1/java.util.ArrayList$ArrayListSpliterator.forEachRemaining(ArrayList.java:1625)
	at java.base@20.0.2.1/java.util.stream.AbstractPipeline.copyInto(AbstractPipeline.java:509)
	at java.base@20.0.2.1/java.util.stream.AbstractPipeline.wrapAndCopyInto(AbstractPipeline.java:499)
	at java.base@20.0.2.1/java.util.stream.ForEachOps$ForEachOp.evaluateSequential(ForEachOps.java:150)
	at java.base@20.0.2.1/java.util.stream.ForEachOps$ForEachOp$OfRef.evaluateSequential(ForEachOps.java:173)
	at java.base@20.0.2.1/java.util.stream.AbstractPipeline.evaluate(AbstractPipeline.java:234)
	at java.base@20.0.2.1/java.util.stream.ReferencePipeline.forEach(ReferencePipeline.java:596)
	at app//org.junit.jupiter.engine.descriptor.TestTemplateTestDescriptor.execute(TestTemplateTestDescriptor.java:110)
	at app//org.junit.jupiter.engine.descriptor.TestTemplateTestDescriptor.execute(TestTemplateTestDescriptor.java:44)
	at app//org.junit.platform.engine.support.hierarchical.NodeTestTask.lambda$executeRecursively$6(NodeTestTask.java:151)
	at app//org.junit.platform.engine.support.hierarchical.ThrowableCollector.execute(ThrowableCollector.java:73)
	at app//org.junit.platform.engine.support.hierarchical.NodeTestTask.lambda$executeRecursively$8(NodeTestTask.java:141)
	at app//org.junit.platform.engine.support.hierarchical.Node.around(Node.java:137)
	at app//org.junit.platform.engine.support.hierarchical.NodeTestTask.lambda$executeRecursively$9(NodeTestTask.java:139)
	at app//org.junit.platform.engine.support.hierarchical.ThrowableCollector.execute(ThrowableCollector.java:73)
	at app//org.junit.platform.engine.support.hierarchical.NodeTestTask.executeRecursively(NodeTestTask.java:138)
	at app//org.junit.platform.engine.support.hierarchical.NodeTestTask.execute(NodeTestTask.java:95)
	at java.base@20.0.2.1/java.util.ArrayList.forEach(ArrayList.java:1511)
	at app//org.junit.platform.engine.support.hierarchical.SameThreadHierarchicalTestExecutorService.invokeAll(SameThreadHierarchicalTestExecutorService.java:41)
	at app//org.junit.platform.engine.support.hierarchical.NodeTestTask.lambda$executeRecursively$6(NodeTestTask.java:155)
	at app//org.junit.platform.engine.support.hierarchical.ThrowableCollector.execute(ThrowableCollector.java:73)
	at app//org.junit.platform.engine.support.hierarchical.NodeTestTask.lambda$executeRecursively$8(NodeTestTask.java:141)
	at app//org.junit.platform.engine.support.hierarchical.Node.around(Node.java:137)
	at app//org.junit.platform.engine.support.hierarchical.NodeTestTask.lambda$executeRecursively$9(NodeTestTask.java:139)
	at app//org.junit.platform.engine.support.hierarchical.ThrowableCollector.execute(ThrowableCollector.java:73)
	at app//org.junit.platform.engine.support.hierarchical.NodeTestTask.executeRecursively(NodeTestTask.java:138)
	at app//org.junit.platform.engine.support.hierarchical.NodeTestTask.execute(NodeTestTask.java:95)
	at java.base@20.0.2.1/java.util.ArrayList.forEach(ArrayList.java:1511)
	at app//org.junit.platform.engine.support.hierarchical.SameThreadHierarchicalTestExecutorService.invokeAll(SameThreadHierarchicalTestExecutorService.java:41)
	at app//org.junit.platform.engine.support.hierarchical.NodeTestTask.lambda$executeRecursively$6(NodeTestTask.java:155)
	at app//org.junit.platform.engine.support.hierarchical.ThrowableCollector.execute(ThrowableCollector.java:73)
	at app//org.junit.platform.engine.support.hierarchical.NodeTestTask.lambda$executeRecursively$8(NodeTestTask.java:141)
	at app//org.junit.platform.engine.support.hierarchical.Node.around(Node.java:137)
	at app//org.junit.platform.engine.support.hierarchical.NodeTestTask.lambda$executeRecursively$9(NodeTestTask.java:139)
	at app//org.junit.platform.engine.support.hierarchical.ThrowableCollector.execute(ThrowableCollector.java:73)
	at app//org.junit.platform.engine.support.hierarchical.NodeTestTask.executeRecursively(NodeTestTask.java:138)
	at app//org.junit.platform.engine.support.hierarchical.NodeTestTask.execute(NodeTestTask.java:95)
	at app//org.junit.platform.engine.support.hierarchical.SameThreadHierarchicalTestExecutorService.submit(SameThreadHierarchicalTestExecutorService.java:35)
	at app//org.junit.platform.engine.support.hierarchical.HierarchicalTestExecutor.execute(HierarchicalTestExecutor.java:57)
	at app//org.junit.platform.engine.support.hierarchical.HierarchicalTestEngine.execute(HierarchicalTestEngine.java:54)
	at app//org.junit.platform.launcher.core.EngineExecutionOrchestrator.execute(EngineExecutionOrchestrator.java:147)
	at app//org.junit.platform.launcher.core.EngineExecutionOrchestrator.execute(EngineExecutionOrchestrator.java:127)
	at app//org.junit.platform.launcher.core.EngineExecutionOrchestrator.execute(EngineExecutionOrchestrator.java:90)
	at app//org.junit.platform.launcher.core.EngineExecutionOrchestrator.lambda$execute$0(EngineExecutionOrchestrator.java:55)
	at app//org.junit.platform.launcher.core.EngineExecutionOrchestrator.withInterceptedStreams(EngineExecutionOrchestrator.java:102)
	at app//org.junit.platform.launcher.core.EngineExecutionOrchestrator.execute(EngineExecutionOrchestrator.java:54)
	at app//org.junit.platform.launcher.core.DefaultLauncher.execute(DefaultLauncher.java:114)
	at app//org.junit.platform.launcher.core.DefaultLauncher.execute(DefaultLauncher.java:86)
	at app//org.junit.platform.launcher.core.DefaultLauncherSession$DelegatingLauncher.execute(DefaultLauncherSession.java:86)
	at org.gradle.api.internal.tasks.testing.junitplatform.JUnitPlatformTestClassProcessor$CollectAllTestClassesExecutor.processAllTestClasses(JUnitPlatformTestClassProcessor.java:119)
	at org.gradle.api.internal.tasks.testing.junitplatform.JUnitPlatformTestClassProcessor$CollectAllTestClassesExecutor.access$000(JUnitPlatformTestClassProcessor.java:94)
	at org.gradle.api.internal.tasks.testing.junitplatform.JUnitPlatformTestClassProcessor.stop(JUnitPlatformTestClassProcessor.java:89)
	at org.gradle.api.internal.tasks.testing.SuiteTestClassProcessor.stop(SuiteTestClassProcessor.java:62)
	at java.base@20.0.2.1/jdk.internal.reflect.DirectMethodHandleAccessor.invoke(DirectMethodHandleAccessor.java:104)
	at java.base@20.0.2.1/java.lang.reflect.Method.invoke(Method.java:578)
	at org.gradle.internal.dispatch.ReflectionDispatch.dispatch(ReflectionDispatch.java:36)
	at org.gradle.internal.dispatch.ReflectionDispatch.dispatch(ReflectionDispatch.java:24)
	at org.gradle.internal.dispatch.ContextClassLoaderDispatch.dispatch(ContextClassLoaderDispatch.java:33)
	at org.gradle.internal.dispatch.ProxyDispatchAdapter$DispatchingInvocationHandler.invoke(ProxyDispatchAdapter.java:94)
	at jdk.proxy1/jdk.proxy1.$Proxy2.stop(Unknown Source)
	at org.gradle.api.internal.tasks.testing.worker.TestWorker$3.run(TestWorker.java:193)
	at org.gradle.api.internal.tasks.testing.worker.TestWorker.executeAndMaintainThreadName(TestWorker.java:129)
	at org.gradle.api.internal.tasks.testing.worker.TestWorker.execute(TestWorker.java:100)
	at org.gradle.api.internal.tasks.testing.worker.TestWorker.execute(TestWorker.java:60)
	at org.gradle.process.internal.worker.child.ActionExecutionWorker.execute(ActionExecutionWorker.java:56)
	at org.gradle.process.internal.worker.child.SystemApplicationClassLoaderWorker.call(SystemApplicationClassLoaderWorker.java:113)
	at org.gradle.process.internal.worker.child.SystemApplicationClassLoaderWorker.call(SystemApplicationClassLoaderWorker.java:65)
	at app//worker.org.gradle.process.internal.worker.GradleWorkerMain.run(GradleWorkerMain.java:69)
	at app//worker.org.gradle.process.internal.worker.GradleWorkerMain.main(GradleWorkerMain.java:74)
</failure>
  </testcase>
  <testcase name="[9] canvas,  X&#10;/ \&#10;\ /&#10; X, Filter(width=5, height=7, result= X  X  X  X  X &#10;/ \/ \/ \/ \/ \&#10;\ /\ /\ /\ /\ /&#10; X  X  X  X  X &#10;/ \/ \/ \/ \/ \&#10;\ /\ /\ /\ /\ /&#10; X  X  X  X  X &#10;/ \/ \/ \/ \/ \&#10;\ /\ /\ /\ /\ /&#10; X  X  X  X  X &#10;/ \/ \/ \/ \/ \&#10;\ /\ /\ /\ /\ /&#10; X  X  X  X  X &#10;/ \/ \/ \/ \/ \&#10;\ /\ /\ /\ /\ /&#10; X  X  X  X  X &#10;/ \/ \/ \/ \/ \&#10;\ /\ /\ /\ /\ /&#10; X  X  X  X  X &#10;/ \/ \/ \/ \/ \&#10;\ /\ /\ /\ /\ /&#10; X  X  X  X  X )" classname="Test" time="0.002">
    <failure message="org.opentest4j.AssertionFailedError: For pattern:&#13;&#10; X&#10;/ \&#10;\ /&#10; X&#13;&#10;, generatorName=canvas, width=5, and height=7 the function applyGenerator should return &#13;&#10; X  X  X  X  X &#10;/ \/ \/ \/ \/ \&#10;\ /\ /\ /\ /\ /&#10; X  X  X  X  X &#10;/ \/ \/ \/ \/ \&#10;\ /\ /\ /\ /\ /&#10; X  X  X  X  X &#10;/ \/ \/ \/ \/ \&#10;\ /\ /\ /\ /\ /&#10; X  X  X  X  X &#10;/ \/ \/ \/ \/ \&#10;\ /\ /\ /\ /\ /&#10; X  X  X  X  X &#10;/ \/ \/ \/ \/ \&#10;\ /\ /\ /\ /\ /&#10; X  X  X  X  X &#10;/ \/ \/ \/ \/ \&#10;\ /\ /\ /\ /\ /&#10; X  X  X  X  X &#10;/ \/ \/ \/ \/ \&#10;\ /\ /\ /\ /\ /&#10; X  X  X  X  X &#13;&#10; ==&gt; expected: &lt; X  X  X  X  X &#13;&#10;/ \/ \/ \/ \/ \&#13;&#10;\ /\ /\ /\ /\ /&#13;&#10; X  X  X  X  X &#13;&#10;/ \/ \/ \/ \/ \&#13;&#10;\ /\ /\ /\ /\ /&#13;&#10; X  X  X  X  X &#13;&#10;/ \/ \/ \/ \/ \&#13;&#10;\ /\ /\ /\ /\ /&#13;&#10; X  X  X  X  X &#13;&#10;/ \/ \/ \/ \/ \&#13;&#10;\ /\ /\ /\ /\ /&#13;&#10; X  X  X  X  X &#13;&#10;/ \/ \/ \/ \/ \&#13;&#10;\ /\ /\ /\ /\ /&#13;&#10; X  X  X  X  X &#13;&#10;/ \/ \/ \/ \/ \&#13;&#10;\ /\ /\ /\ /\ /&#13;&#10; X  X  X  X  X &#13;&#10;/ \/ \/ \/ \/ \&#13;&#10;\ /\ /\ /\ /\ /&#13;&#10; X  X  X  X  X &#13;&#10;&gt; but was: &lt; X  X  X  X  X &#10;/ \/ \/ \/ \/ \&#10;\ /\ /\ /\ /\ /&#10; X  X  X  X  X &#13;&#10;/ \/ \/ \/ \/ \&#10;\ /\ /\ /\ /\ /&#10; X  X  X  X  X &#13;&#10;/ \/ \/ \/ \/ \&#10;\ /\ /\ /\ /\ /&#10; X  X  X  X  X &#13;&#10;/ \/ \/ \/ \/ \&#10;\ /\ /\ /\ /\ /&#10; X  X  X  X  X &#13;&#10;/ \/ \/ \/ \/ \&#10;\ /\ /\ /\ /\ /&#10; X  X  X  X  X &#13;&#10;/ \/ \/ \/ \/ \&#10;\ /\ /\ /\ /\ /&#10; X  X  X  X  X &#13;&#10;/ \/ \/ \/ \/ \&#10;\ /\ /\ /\ /\ /&#10; X  X  X  X  X &#13;&#10;&gt;" type="org.opentest4j.AssertionFailedError">org.opentest4j.AssertionFailedError: For pattern:
 X
/ \
\ /
 X
, generatorName=canvas, width=5, and height=7 the function applyGenerator should return 
 X  X  X  X  X 
/ \/ \/ \/ \/ \
\ /\ /\ /\ /\ /
 X  X  X  X  X 
/ \/ \/ \/ \/ \
\ /\ /\ /\ /\ /
 X  X  X  X  X 
/ \/ \/ \/ \/ \
\ /\ /\ /\ /\ /
 X  X  X  X  X 
/ \/ \/ \/ \/ \
\ /\ /\ /\ /\ /
 X  X  X  X  X 
/ \/ \/ \/ \/ \
\ /\ /\ /\ /\ /
 X  X  X  X  X 
/ \/ \/ \/ \/ \
\ /\ /\ /\ /\ /
 X  X  X  X  X 
/ \/ \/ \/ \/ \
\ /\ /\ /\ /\ /
 X  X  X  X  X 
 ==&gt; expected: &lt; X  X  X  X  X 
/ \/ \/ \/ \/ \
\ /\ /\ /\ /\ /
 X  X  X  X  X 
/ \/ \/ \/ \/ \
\ /\ /\ /\ /\ /
 X  X  X  X  X 
/ \/ \/ \/ \/ \
\ /\ /\ /\ /\ /
 X  X  X  X  X 
/ \/ \/ \/ \/ \
\ /\ /\ /\ /\ /
 X  X  X  X  X 
/ \/ \/ \/ \/ \
\ /\ /\ /\ /\ /
 X  X  X  X  X 
/ \/ \/ \/ \/ \
\ /\ /\ /\ /\ /
 X  X  X  X  X 
/ \/ \/ \/ \/ \
\ /\ /\ /\ /\ /
 X  X  X  X  X 
&gt; but was: &lt; X  X  X  X  X 
/ \/ \/ \/ \/ \
\ /\ /\ /\ /\ /
 X  X  X  X  X 
/ \/ \/ \/ \/ \
\ /\ /\ /\ /\ /
 X  X  X  X  X 
/ \/ \/ \/ \/ \
\ /\ /\ /\ /\ /
 X  X  X  X  X 
/ \/ \/ \/ \/ \
\ /\ /\ /\ /\ /
 X  X  X  X  X 
/ \/ \/ \/ \/ \
\ /\ /\ /\ /\ /
 X  X  X  X  X 
/ \/ \/ \/ \/ \
\ /\ /\ /\ /\ /
 X  X  X  X  X 
/ \/ \/ \/ \/ \
\ /\ /\ /\ /\ /
 X  X  X  X  X 
&gt;
	at app//org.junit.jupiter.api.AssertionFailureBuilder.build(AssertionFailureBuilder.java:151)
	at app//org.junit.jupiter.api.AssertionFailureBuilder.buildAndThrow(AssertionFailureBuilder.java:132)
	at app//org.junit.jupiter.api.AssertEquals.failNotEqual(AssertEquals.java:197)
	at app//org.junit.jupiter.api.AssertEquals.assertEquals(AssertEquals.java:182)
	at app//org.junit.jupiter.api.Assertions.assertEquals(Assertions.java:1152)
	at app//Test.applyGeneratorImplementation(Tests.kt:237)
	at java.base@20.0.2.1/jdk.internal.reflect.DirectMethodHandleAccessor.invoke(DirectMethodHandleAccessor.java:104)
	at java.base@20.0.2.1/java.lang.reflect.Method.invoke(Method.java:578)
	at app//org.junit.platform.commons.util.ReflectionUtils.invokeMethod(ReflectionUtils.java:727)
	at app//org.junit.jupiter.engine.execution.MethodInvocation.proceed(MethodInvocation.java:60)
	at app//org.junit.jupiter.engine.execution.InvocationInterceptorChain$ValidatingInvocation.proceed(InvocationInterceptorChain.java:131)
	at app//org.junit.jupiter.engine.extension.TimeoutExtension.intercept(TimeoutExtension.java:156)
	at app//org.junit.jupiter.engine.extension.TimeoutExtension.interceptTestableMethod(TimeoutExtension.java:147)
	at app//org.junit.jupiter.engine.extension.TimeoutExtension.interceptTestTemplateMethod(TimeoutExtension.java:94)
	at app//org.junit.jupiter.engine.execution.InterceptingExecutableInvoker$ReflectiveInterceptorCall.lambda$ofVoidMethod$0(InterceptingExecutableInvoker.java:103)
	at app//org.junit.jupiter.engine.execution.InterceptingExecutableInvoker.lambda$invoke$0(InterceptingExecutableInvoker.java:93)
	at app//org.junit.jupiter.engine.execution.InvocationInterceptorChain$InterceptedInvocation.proceed(InvocationInterceptorChain.java:106)
	at app//org.junit.jupiter.engine.execution.InvocationInterceptorChain.proceed(InvocationInterceptorChain.java:64)
	at app//org.junit.jupiter.engine.execution.InvocationInterceptorChain.chainAndInvoke(InvocationInterceptorChain.java:45)
	at app//org.junit.jupiter.engine.execution.InvocationInterceptorChain.invoke(InvocationInterceptorChain.java:37)
	at app//org.junit.jupiter.engine.execution.InterceptingExecutableInvoker.invoke(InterceptingExecutableInvoker.java:92)
	at app//org.junit.jupiter.engine.execution.InterceptingExecutableInvoker.invoke(InterceptingExecutableInvoker.java:86)
	at app//org.junit.jupiter.engine.descriptor.TestMethodTestDescriptor.lambda$invokeTestMethod$7(TestMethodTestDescriptor.java:217)
	at app//org.junit.platform.engine.support.hierarchical.ThrowableCollector.execute(ThrowableCollector.java:73)
	at app//org.junit.jupiter.engine.descriptor.TestMethodTestDescriptor.invokeTestMethod(TestMethodTestDescriptor.java:213)
	at app//org.junit.jupiter.engine.descriptor.TestMethodTestDescriptor.execute(TestMethodTestDescriptor.java:138)
	at app//org.junit.jupiter.engine.descriptor.TestMethodTestDescriptor.execute(TestMethodTestDescriptor.java:68)
	at app//org.junit.platform.engine.support.hierarchical.NodeTestTask.lambda$executeRecursively$6(NodeTestTask.java:151)
	at app//org.junit.platform.engine.support.hierarchical.ThrowableCollector.execute(ThrowableCollector.java:73)
	at app//org.junit.platform.engine.support.hierarchical.NodeTestTask.lambda$executeRecursively$8(NodeTestTask.java:141)
	at app//org.junit.platform.engine.support.hierarchical.Node.around(Node.java:137)
	at app//org.junit.platform.engine.support.hierarchical.NodeTestTask.lambda$executeRecursively$9(NodeTestTask.java:139)
	at app//org.junit.platform.engine.support.hierarchical.ThrowableCollector.execute(ThrowableCollector.java:73)
	at app//org.junit.platform.engine.support.hierarchical.NodeTestTask.executeRecursively(NodeTestTask.java:138)
	at app//org.junit.platform.engine.support.hierarchical.NodeTestTask.execute(NodeTestTask.java:95)
	at app//org.junit.platform.engine.support.hierarchical.SameThreadHierarchicalTestExecutorService.submit(SameThreadHierarchicalTestExecutorService.java:35)
	at app//org.junit.platform.engine.support.hierarchical.NodeTestTask$DefaultDynamicTestExecutor.execute(NodeTestTask.java:226)
	at app//org.junit.platform.engine.support.hierarchical.NodeTestTask$DefaultDynamicTestExecutor.execute(NodeTestTask.java:204)
	at app//org.junit.jupiter.engine.descriptor.TestTemplateTestDescriptor.execute(TestTemplateTestDescriptor.java:142)
	at app//org.junit.jupiter.engine.descriptor.TestTemplateTestDescriptor.lambda$execute$2(TestTemplateTestDescriptor.java:110)
	at java.base@20.0.2.1/java.util.stream.ForEachOps$ForEachOp$OfRef.accept(ForEachOps.java:183)
	at java.base@20.0.2.1/java.util.stream.ReferencePipeline$3$1.accept(ReferencePipeline.java:197)
	at java.base@20.0.2.1/java.util.stream.ReferencePipeline$2$1.accept(ReferencePipeline.java:179)
	at java.base@20.0.2.1/java.util.stream.ReferencePipeline$3$1.accept(ReferencePipeline.java:197)
	at java.base@20.0.2.1/java.util.stream.ForEachOps$ForEachOp$OfRef.accept(ForEachOps.java:183)
	at java.base@20.0.2.1/java.util.stream.ReferencePipeline$3$1.accept(ReferencePipeline.java:197)
	at java.base@20.0.2.1/java.util.stream.ReferencePipeline$3$1.accept(ReferencePipeline.java:197)
	at java.base@20.0.2.1/java.util.stream.ReferencePipeline$3$1.accept(ReferencePipeline.java:197)
	at java.base@20.0.2.1/java.util.stream.ForEachOps$ForEachOp$OfRef.accept(ForEachOps.java:183)
	at java.base@20.0.2.1/java.util.stream.ReferencePipeline$3$1.accept(ReferencePipeline.java:197)
	at java.base@20.0.2.1/java.util.ArrayList$ArrayListSpliterator.forEachRemaining(ArrayList.java:1625)
	at java.base@20.0.2.1/java.util.stream.ReferencePipeline$Head.forEach(ReferencePipeline.java:762)
	at java.base@20.0.2.1/java.util.stream.ReferencePipeline$7$1.accept(ReferencePipeline.java:276)
	at java.base@20.0.2.1/java.util.stream.ReferencePipeline$3$1.accept(ReferencePipeline.java:197)
	at java.base@20.0.2.1/java.util.stream.ReferencePipeline$3$1.accept(ReferencePipeline.java:197)
	at java.base@20.0.2.1/java.util.Spliterators$ArraySpliterator.forEachRemaining(Spliterators.java:1006)
	at java.base@20.0.2.1/java.util.stream.AbstractPipeline.copyInto(AbstractPipeline.java:509)
	at java.base@20.0.2.1/java.util.stream.AbstractPipeline.wrapAndCopyInto(AbstractPipeline.java:499)
	at java.base@20.0.2.1/java.util.stream.ForEachOps$ForEachOp.evaluateSequential(ForEachOps.java:150)
	at java.base@20.0.2.1/java.util.stream.ForEachOps$ForEachOp$OfRef.evaluateSequential(ForEachOps.java:173)
	at java.base@20.0.2.1/java.util.stream.AbstractPipeline.evaluate(AbstractPipeline.java:234)
	at java.base@20.0.2.1/java.util.stream.ReferencePipeline.forEach(ReferencePipeline.java:596)
	at java.base@20.0.2.1/java.util.stream.ReferencePipeline$7$1.accept(ReferencePipeline.java:276)
	at java.base@20.0.2.1/java.util.stream.ReferencePipeline$3$1.accept(ReferencePipeline.java:197)
	at java.base@20.0.2.1/java.util.stream.ReferencePipeline$3$1.accept(ReferencePipeline.java:197)
	at java.base@20.0.2.1/java.util.stream.ReferencePipeline$3$1.accept(ReferencePipeline.java:197)
	at java.base@20.0.2.1/java.util.ArrayList$ArrayListSpliterator.forEachRemaining(ArrayList.java:1625)
	at java.base@20.0.2.1/java.util.stream.AbstractPipeline.copyInto(AbstractPipeline.java:509)
	at java.base@20.0.2.1/java.util.stream.AbstractPipeline.wrapAndCopyInto(AbstractPipeline.java:499)
	at java.base@20.0.2.1/java.util.stream.ForEachOps$ForEachOp.evaluateSequential(ForEachOps.java:150)
	at java.base@20.0.2.1/java.util.stream.ForEachOps$ForEachOp$OfRef.evaluateSequential(ForEachOps.java:173)
	at java.base@20.0.2.1/java.util.stream.AbstractPipeline.evaluate(AbstractPipeline.java:234)
	at java.base@20.0.2.1/java.util.stream.ReferencePipeline.forEach(ReferencePipeline.java:596)
	at java.base@20.0.2.1/java.util.stream.ReferencePipeline$7$1.accept(ReferencePipeline.java:276)
	at java.base@20.0.2.1/java.util.ArrayList$ArrayListSpliterator.forEachRemaining(ArrayList.java:1625)
	at java.base@20.0.2.1/java.util.stream.AbstractPipeline.copyInto(AbstractPipeline.java:509)
	at java.base@20.0.2.1/java.util.stream.AbstractPipeline.wrapAndCopyInto(AbstractPipeline.java:499)
	at java.base@20.0.2.1/java.util.stream.ForEachOps$ForEachOp.evaluateSequential(ForEachOps.java:150)
	at java.base@20.0.2.1/java.util.stream.ForEachOps$ForEachOp$OfRef.evaluateSequential(ForEachOps.java:173)
	at java.base@20.0.2.1/java.util.stream.AbstractPipeline.evaluate(AbstractPipeline.java:234)
	at java.base@20.0.2.1/java.util.stream.ReferencePipeline.forEach(ReferencePipeline.java:596)
	at app//org.junit.jupiter.engine.descriptor.TestTemplateTestDescriptor.execute(TestTemplateTestDescriptor.java:110)
	at app//org.junit.jupiter.engine.descriptor.TestTemplateTestDescriptor.execute(TestTemplateTestDescriptor.java:44)
	at app//org.junit.platform.engine.support.hierarchical.NodeTestTask.lambda$executeRecursively$6(NodeTestTask.java:151)
	at app//org.junit.platform.engine.support.hierarchical.ThrowableCollector.execute(ThrowableCollector.java:73)
	at app//org.junit.platform.engine.support.hierarchical.NodeTestTask.lambda$executeRecursively$8(NodeTestTask.java:141)
	at app//org.junit.platform.engine.support.hierarchical.Node.around(Node.java:137)
	at app//org.junit.platform.engine.support.hierarchical.NodeTestTask.lambda$executeRecursively$9(NodeTestTask.java:139)
	at app//org.junit.platform.engine.support.hierarchical.ThrowableCollector.execute(ThrowableCollector.java:73)
	at app//org.junit.platform.engine.support.hierarchical.NodeTestTask.executeRecursively(NodeTestTask.java:138)
	at app//org.junit.platform.engine.support.hierarchical.NodeTestTask.execute(NodeTestTask.java:95)
	at java.base@20.0.2.1/java.util.ArrayList.forEach(ArrayList.java:1511)
	at app//org.junit.platform.engine.support.hierarchical.SameThreadHierarchicalTestExecutorService.invokeAll(SameThreadHierarchicalTestExecutorService.java:41)
	at app//org.junit.platform.engine.support.hierarchical.NodeTestTask.lambda$executeRecursively$6(NodeTestTask.java:155)
	at app//org.junit.platform.engine.support.hierarchical.ThrowableCollector.execute(ThrowableCollector.java:73)
	at app//org.junit.platform.engine.support.hierarchical.NodeTestTask.lambda$executeRecursively$8(NodeTestTask.java:141)
	at app//org.junit.platform.engine.support.hierarchical.Node.around(Node.java:137)
	at app//org.junit.platform.engine.support.hierarchical.NodeTestTask.lambda$executeRecursively$9(NodeTestTask.java:139)
	at app//org.junit.platform.engine.support.hierarchical.ThrowableCollector.execute(ThrowableCollector.java:73)
	at app//org.junit.platform.engine.support.hierarchical.NodeTestTask.executeRecursively(NodeTestTask.java:138)
	at app//org.junit.platform.engine.support.hierarchical.NodeTestTask.execute(NodeTestTask.java:95)
	at java.base@20.0.2.1/java.util.ArrayList.forEach(ArrayList.java:1511)
	at app//org.junit.platform.engine.support.hierarchical.SameThreadHierarchicalTestExecutorService.invokeAll(SameThreadHierarchicalTestExecutorService.java:41)
	at app//org.junit.platform.engine.support.hierarchical.NodeTestTask.lambda$executeRecursively$6(NodeTestTask.java:155)
	at app//org.junit.platform.engine.support.hierarchical.ThrowableCollector.execute(ThrowableCollector.java:73)
	at app//org.junit.platform.engine.support.hierarchical.NodeTestTask.lambda$executeRecursively$8(NodeTestTask.java:141)
	at app//org.junit.platform.engine.support.hierarchical.Node.around(Node.java:137)
	at app//org.junit.platform.engine.support.hierarchical.NodeTestTask.lambda$executeRecursively$9(NodeTestTask.java:139)
	at app//org.junit.platform.engine.support.hierarchical.ThrowableCollector.execute(ThrowableCollector.java:73)
	at app//org.junit.platform.engine.support.hierarchical.NodeTestTask.executeRecursively(NodeTestTask.java:138)
	at app//org.junit.platform.engine.support.hierarchical.NodeTestTask.execute(NodeTestTask.java:95)
	at app//org.junit.platform.engine.support.hierarchical.SameThreadHierarchicalTestExecutorService.submit(SameThreadHierarchicalTestExecutorService.java:35)
[...]
  <testcase name="[43] canvasGaps, +---+---+&#10;| o   o |&#10;|   ^   |&#10;|  ---  |&#10;+---+---+, Filter(width=1, height=2, result=+---+---+&#10;| o   o |&#10;|   ^   |&#10;|  ---  |&#10;+---+---+&#10;+---+---+&#10;| o   o |&#10;|   ^   |&#10;|  ---  |&#10;+---+---+)" classname="Test" time="0.001"/>
  <testcase name="[44] canvasGaps, +---+---+&#10;| o   o |&#10;|   ^   |&#10;|  ---  |&#10;+---+---+, Filter(width=5, height=7, result=+---+---+         +---+---+         +---+---+&#10;| o   o |         | o   o |         | o   o |&#10;|   ^   |         |   ^   |         |   ^   |&#10;|  ---  |         |  ---  |         |  ---  |&#10;+---+---+         +---+---+         +---+---+&#10;         +---+---+         +---+---+         &#10;         | o   o |         | o   o |         &#10;         |   ^   |         |   ^   |         &#10;         |  ---  |         |  ---  |         &#10;         +---+---+         +---+---+         &#10;+---+---+         …" classname="Test" time="0.003"/>
  <testcase name="[45] canvasGaps, +---+---+&#10;| o   o |&#10;|   ^   |&#10;|  ---  |&#10;+---+---+, Filter(width=6, height=8, result=+---+---+         +---+---+         +---+---+         &#10;| o   o |         | o   o |         | o   o |         &#10;|   ^   |         |   ^   |         |   ^   |         &#10;|  ---  |         |  ---  |         |  ---  |         &#10;+---+---+         +---+---+         +---+---+         &#10;         +---+---+         +---+---+         +---+---+&#10;         | o   o |         | o   o |         | o   o |&#10;         |   ^   |         |   ^   |         |   ^   |&#10;         |  ---  |         |  ---  |  …" classname="Test" time="0.002"/>
  <testcase name="[46] canvasGaps,    .+------+&#10; .' |    .'|&#10;+---+--+'  |&#10;|   |  |   |&#10;|  ,+--+---+&#10;|.'    | .' &#10;+------+', Filter(width=1, height=1, result=   .+------+&#10; .' |    .'|&#10;+---+--+'  |&#10;|   |  |   |&#10;|  ,+--+---+&#10;|.'    | .' &#10;+------+'   )" classname="Test" time="0.001"/>
  <testcase name="[47] canvasGaps,    .+------+&#10; .' |    .'|&#10;+---+--+'  |&#10;|   |  |   |&#10;|  ,+--+---+&#10;|.'    | .' &#10;+------+', Filter(width=2, height=1, result=   .+------+            &#10; .' |    .'|            &#10;+---+--+'  |            &#10;|   |  |   |            &#10;|  ,+--+---+            &#10;|.'    | .'             &#10;+------+'               )" classname="Test" time="0.002"/>
  <testcase name="[48] canvasGaps,    .+------+&#10; .' |    .'|&#10;+---+--+'  |&#10;|   |  |   |&#10;|  ,+--+---+&#10;|.'    | .' &#10;+------+', Filter(width=1, height=2, result=   .+------+&#10; .' |    .'|&#10;+---+--+'  |&#10;|   |  |   |&#10;|  ,+--+---+&#10;|.'    | .' &#10;+------+'   &#10;   .+------+&#10; .' |    .'|&#10;+---+--+'  |&#10;|   |  |   |&#10;|  ,+--+---+&#10;|.'    | .' &#10;+------+'   )" classname="Test" time="0.001"/>
  <testcase name="[49] canvasGaps,    .+------+&#10; .' |    .'|&#10;+---+--+'  |&#10;|   |  |   |&#10;|  ,+--+---+&#10;|.'    | .' &#10;+------+', Filter(width=5, height=7, result=   .+------+               .+------+               .+------+&#10; .' |    .'|             .' |    .'|             .' |    .'|&#10;+---+--+'  |            +---+--+'  |            +---+--+'  |&#10;|   |  |   |            |   |  |   |            |   |  |   |&#10;|  ,+--+---+            |  ,+--+---+            |  ,+--+---+&#10;|.'    | .'             |.'    | .'             |.'    | .' &#10;+------+'               +------+'               +------+'   &#10;               .+------+               .+------+   …" classname="Test" time="0.003"/>
  <testcase name="[50] canvasGaps,    .+------+&#10; .' |    .'|&#10;+---+--+'  |&#10;|   |  |   |&#10;|  ,+--+---+&#10;|.'    | .' &#10;+------+', Filter(width=6, height=8, result=   .+------+               .+------+               .+------+            &#10; .' |    .'|             .' |    .'|             .' |    .'|            &#10;+---+--+'  |            +---+--+'  |            +---+--+'  |            &#10;|   |  |   |            |   |  |   |            |   |  |   |            &#10;|  ,+--+---+            |  ,+--+---+            |  ,+--+---+            &#10;|.'    | .'             |.'    | .'             |.'    | .'             &#10;+------+'               +------+'       …" classname="Test" time="0.003"/>
  <testcase name="[1] yes&#13;&#10;cube&#13;&#10;canvas&#13;&#10;5&#13;&#10;7&#13;&#10;,    .+------+   .+------+   .+------+   .+------+   .+------+&#10; .' |    .'| .' |    .'| .' |    .'| .' |    .'| .' |    .'|&#10;+---+--+'  |+---+--+'  |+---+--+'  |+---+--+'  |+---+--+'  |&#10;|   |  |   ||   |  |   ||   |  |   ||   |  |   ||   |  |   |&#10;|  ,+--+---+|  ,+--+---+|  ,+--+---+|  ,+--+---+|  ,+--+---+&#10;|.'    | .' |.'    | .' |.'    | .' |.'    | .' |.'    | .' &#10;+------+'   +------+'   +------+'   +------+'   +------+'   &#10; .' |    .'| .' |    .'| .' |    .'| .' |    .'| .' |    .'|&#10;+---+--+'  |+---+--+'  …" classname="Test" time="0.005"/>
  <testcase name="[2] yes&#13;&#10;cube&#13;&#10;canvasGaps&#13;&#10;5&#13;&#10;7&#13;&#10;,    .+------+               .+------+               .+------+&#10; .' |    .'|             .' |    .'|             .' |    .'|&#10;+---+--+'  |            +---+--+'  |            +---+--+'  |&#10;|   |  |   |            |   |  |   |            |   |  |   |&#10;|  ,+--+---+            |  ,+--+---+            |  ,+--+---+&#10;|.'    | .'             |.'    | .'             |.'    | .' &#10;+------+'               +------+'               +------+'   &#10;               .+------+               .+------+            &#10;             .' |    .'…" classname="Test" time="0.003"/>
  <testcase name="[3] no&#13;&#10;^_^&#13;&#10;canvas&#13;&#10;5&#13;&#10;7&#13;&#10;, &#10;            ^_^^_^^_^^_^^_^&#10;            ^_^^_^^_^^_^^_^&#10;            ^_^^_^^_^^_^^_^&#10;            ^_^^_^^_^^_^^_^&#10;            ^_^^_^^_^^_^^_^&#10;            ^_^^_^^_^^_^^_^&#10;            ^_^^_^^_^^_^^_^&#10;        " classname="Test" time="0.002"/>
  <testcase name="[4] no&#13;&#10;^_^&#13;&#10;canvasGaps&#13;&#10;5&#13;&#10;7&#13;&#10;, &#10;            ^_^   ^_^   ^_^&#10;               ^_^   ^_^   &#10;            ^_^   ^_^   ^_^&#10;               ^_^   ^_^   &#10;            ^_^   ^_^   ^_^&#10;               ^_^   ^_^   &#10;            ^_^   ^_^   ^_^&#10;        " classname="Test" time="0.001"/>
  <testcase name="[1] ○, ○" classname="Test" time="0.008"/>
  <testcase name="[2] +---+---+&#10;| o   o |&#10;|   ^   |&#10;|  ---  |&#10;+---+---+, | o   o |&#10;|   ^   |&#10;|  ---  |&#10;+---+---+" classname="Test" time="0.002"/>
  <testcase name="[3]    .+------+&#10; .' |    .'|&#10;+---+--+'  |&#10;|   |  |   |&#10;|  ,+--+---+&#10;|.'    | .' &#10;+------+',  .' |    .'|&#10;+---+--+'  |&#10;|   |  |   |&#10;|  ,+--+---+&#10;|.'    | .' &#10;+------+'" classname="Test" time="0.001"/>
  <testcase name="applyGeneratorFunction()" classname="Test" time="0.002"/>
  <testcase name="[1] ○, Filter(width=1, height=1, result=○)" classname="Test" time="0.003"/>
  <testcase name="[2] ○, Filter(width=2, height=1, result=○ )" classname="Test" time="0.001"/>
  <testcase name="[3] ○, Filter(width=1, height=2, result=○&#10;○)" classname="Test" time="0.001"/>
  <testcase name="[4] ○, Filter(width=5, height=7, result=○ ○ ○&#10; ○ ○ &#10;○ ○ ○&#10; ○ ○ &#10;○ ○ ○&#10; ○ ○ &#10;○ ○ ○)" classname="Test" time="0.001"/>
  <testcase name="[5] ○, Filter(width=6, height=8, result=○ ○ ○ &#10; ○ ○ ○&#10;○ ○ ○ &#10; ○ ○ ○&#10;○ ○ ○ &#10; ○ ○ ○&#10;○ ○ ○ &#10; ○ ○ ○)" classname="Test" time="0.002"/>
  <testcase name="[6]  X&#10;/ \&#10;\ /&#10; X, Filter(width=1, height=1, result= X &#10;/ \&#10;\ /&#10; X )" classname="Test" time="0.001"/>
  <testcase name="[7]  X&#10;/ \&#10;\ /&#10; X, Filter(width=2, height=1, result= X    &#10;/ \   &#10;\ /   &#10; X    )" classname="Test" time="0.001"/>
  <testcase name="[8]  X&#10;/ \&#10;\ /&#10; X, Filter(width=1, height=2, result= X &#10;/ \&#10;\ /&#10; X &#10; X &#10;/ \&#10;\ /&#10; X )" classname="Test" time="0.001"/>
  <testcase name="[9]  X&#10;/ \&#10;\ /&#10; X, Filter(width=5, height=7, result= X     X     X &#10;/ \   / \   / \&#10;\ /   \ /   \ /&#10; X     X     X &#10;    X     X    &#10;   / \   / \   &#10;   \ /   \ /   &#10;    X     X    &#10; X     X     X &#10;/ \   / \   / \&#10;\ /   \ /   \ /&#10; X     X     X &#10;    X     X    &#10;   / \   / \   &#10;   \ /   \ /   &#10;    X     X    &#10; X     X     X &#10;/ \   / \   / \&#10;\ /   \ /   \ /&#10; X     X     X &#10;    X     X    &#10;   / \   / \   &#10;   \ /   \ /   &#10;    X     X    &#10; X     X     X &#10;/ \   / \   / \&#10;\ /   \ /   \ /&#10; X     X     X )" classname="Test" time="0.002"/>
  <testcase name="[10]  X&#10;/ \&#10;\ /&#10; X, Filter(width=6, height=8, result= X     X     X    &#10;/ \   / \   / \   &#10;\ /   \ /   \ /   &#10; X     X     X    &#10;    X     X     X &#10;   / \   / \   / \&#10;   \ /   \ /   \ /&#10;    X     X     X &#10; X     X     X    &#10;/ \   / \   / \   &#10;\ /   \ /   \ /   &#10; X     X     X    &#10;    X     X     X &#10;   / \   / \   / \&#10;   \ /   \ /   \ /&#10;    X     X     X &#10; X     X     X    &#10;/ \   / \   / \   &#10;\ /   \ /   \ /   &#10; X     X     X    &#10;    X     X     X &#10;   / \   / \   / \&#10;   \ /   \ /   \ /&#10;    X     X     X &#10; X     X     X    &#10;/ \…" classname="Test" time="0.002"/>
  <testcase name="[11]   ____   &#10; /    \&#10;/ /  \ \&#10;\ \__/ /&#10; \____/, Filter(width=1, height=1, result=  ____   &#10; /    \  &#10;/ /  \ \ &#10;\ \__/ / &#10; \____/  )" classname="Test" time="0.001"/>
  <testcase name="[12]   ____   &#10; /    \&#10;/ /  \ \&#10;\ \__/ /&#10; \____/, Filter(width=2, height=1, result=  ____            &#10; /    \           &#10;/ /  \ \          &#10;\ \__/ /          &#10; \____/           )" classname="Test" time="0.001"/>
  <testcase name="[13]   ____   &#10; /    \&#10;/ /  \ \&#10;\ \__/ /&#10; \____/, Filter(width=1, height=2, result=  ____   &#10; /    \  &#10;/ /  \ \ &#10;\ \__/ / &#10; \____/  &#10;  ____   &#10; /    \  &#10;/ /  \ \ &#10;\ \__/ / &#10; \____/  )" classname="Test" time="0.002"/>
  <testcase name="[14]   ____   &#10; /    \&#10;/ /  \ \&#10;\ \__/ /&#10; \____/, Filter(width=5, height=7, result=  ____              ____              ____   &#10; /    \            /    \            /    \  &#10;/ /  \ \          / /  \ \          / /  \ \ &#10;\ \__/ /          \ \__/ /          \ \__/ / &#10; \____/            \____/            \____/  &#10;           ____              ____            &#10;          /    \            /    \           &#10;         / /  \ \          / /  \ \          &#10;         \ \__/ /          \ \__/ /          &#10;          \____/            \____/           &#10;  ____            …" classname="Test" time="0.002"/>
  <testcase name="[15]   ____   &#10; /    \&#10;/ /  \ \&#10;\ \__/ /&#10; \____/, Filter(width=6, height=8, result=  ____              ____              ____            &#10; /    \            /    \            /    \           &#10;/ /  \ \          / /  \ \          / /  \ \          &#10;\ \__/ /          \ \__/ /          \ \__/ /          &#10; \____/            \____/            \____/           &#10;           ____              ____              ____   &#10;          /    \            /    \            /    \  &#10;         / /  \ \          / /  \ \          / /  \ \ &#10;         \ \__/ /          \ \__/ /   …" classname="Test" time="0.002"/>
  <testcase name="[16] +---+---+&#10;| o   o |&#10;|   ^   |&#10;|  ---  |&#10;+---+---+, Filter(width=1, height=1, result=+---+---+&#10;| o   o |&#10;|   ^   |&#10;|  ---  |&#10;+---+---+)" classname="Test" time="0.0"/>
  <testcase name="[17] +---+---+&#10;| o   o |&#10;|   ^   |&#10;|  ---  |&#10;+---+---+, Filter(width=2, height=1, result=+---+---+         &#10;| o   o |         &#10;|   ^   |         &#10;|  ---  |         &#10;+---+---+         )" classname="Test" time="0.001"/>
  <testcase name="[18] +---+---+&#10;| o   o |&#10;|   ^   |&#10;|  ---  |&#10;+---+---+, Filter(width=1, height=2, result=+---+---+&#10;| o   o |&#10;|   ^   |&#10;|  ---  |&#10;+---+---+&#10;+---+---+&#10;| o   o |&#10;|   ^   |&#10;|  ---  |&#10;+---+---+)" classname="Test" time="0.001"/>
  <testcase name="[19] +---+---+&#10;| o   o |&#10;|   ^   |&#10;|  ---  |&#10;+---+---+, Filter(width=5, height=7, result=+---+---+         +---+---+         +---+---+&#10;| o   o |         | o   o |         | o   o |&#10;|   ^   |         |   ^   |         |   ^   |&#10;|  ---  |         |  ---  |         |  ---  |&#10;+---+---+         +---+---+         +---+---+&#10;         +---+---+         +---+---+         &#10;         | o   o |         | o   o |         &#10;         |   ^   |         |   ^   |         &#10;         |  ---  |         |  ---  |         &#10;         +---+---+         +---+---+         &#10;+---+---+         …" classname="Test" time="0.002"/>
  <testcase name="[20] +---+---+&#10;| o   o |&#10;|   ^   |&#10;|  ---  |&#10;+---+---+, Filter(width=6, height=8, result=+---+---+         +---+---+         +---+---+         &#10;| o   o |         | o   o |         | o   o |         &#10;|   ^   |         |   ^   |         |   ^   |         &#10;|  ---  |         |  ---  |         |  ---  |         &#10;+---+---+         +---+---+         +---+---+         &#10;         +---+---+         +---+---+         +---+---+&#10;         | o   o |         | o   o |         | o   o |&#10;         |   ^   |         |   ^   |         |   ^   |&#10;         |  ---  |         |  ---  |  …" classname="Test" time="0.002"/>
  <testcase name="[21]    .+------+&#10; .' |    .'|&#10;+---+--+'  |&#10;|   |  |   |&#10;|  ,+--+---+&#10;|.'    | .' &#10;+------+', Filter(width=1, height=1, result=   .+------+&#10; .' |    .'|&#10;+---+--+'  |&#10;|   |  |   |&#10;|  ,+--+---+&#10;|.'    | .' &#10;+------+'   )" classname="Test" time="0.001"/>
  <testcase name="[22]    .+------+&#10; .' |    .'|&#10;+---+--+'  |&#10;|   |  |   |&#10;|  ,+--+---+&#10;|.'    | .' &#10;+------+', Filter(width=2, height=1, result=   .+------+            &#10; .' |    .'|            &#10;+---+--+'  |            &#10;|   |  |   |            &#10;|  ,+--+---+            &#10;|.'    | .'             &#10;+------+'               )" classname="Test" time="0.001"/>
  <testcase name="[23]    .+------+&#10; .' |    .'|&#10;+---+--+'  |&#10;|   |  |   |&#10;|  ,+--+---+&#10;|.'    | .' &#10;+------+', Filter(width=1, height=2, result=   .+------+&#10; .' |    .'|&#10;+---+--+'  |&#10;|   |  |   |&#10;|  ,+--+---+&#10;|.'    | .' &#10;+------+'   &#10;   .+------+&#10; .' |    .'|&#10;+---+--+'  |&#10;|   |  |   |&#10;|  ,+--+---+&#10;|.'    | .' &#10;+------+'   )" classname="Test" time="0.001"/>
  <testcase name="[24]    .+------+&#10; .' |    .'|&#10;+---+--+'  |&#10;|   |  |   |&#10;|  ,+--+---+&#10;|.'    | .' &#10;+------+', Filter(width=5, height=7, result=   .+------+               .+------+               .+------+&#10; .' |    .'|             .' |    .'|             .' |    .'|&#10;+---+--+'  |            +---+--+'  |            +---+--+'  |&#10;|   |  |   |            |   |  |   |            |   |  |   |&#10;|  ,+--+---+            |  ,+--+---+            |  ,+--+---+&#10;|.'    | .'             |.'    | .'             |.'    | .' &#10;+------+'               +------+'               +------+'   &#10;               .+------+               .+------+   …" classname="Test" time="0.002"/>
  <testcase name="[25]    .+------+&#10; .' |    .'|&#10;+---+--+'  |&#10;|   |  |   |&#10;|  ,+--+---+&#10;|.'    | .' &#10;+------+', Filter(width=6, height=8, result=   .+------+               .+------+               .+------+            &#10; .' |    .'|             .' |    .'|             .' |    .'|            &#10;+---+--+'  |            +---+--+'  |            +---+--+'  |            &#10;|   |  |   |            |   |  |   |            |   |  |   |            &#10;|  ,+--+---+            |  ,+--+---+            |  ,+--+---+            &#10;|.'    | .'             |.'    | .'             |.'    | .'             &#10;+------+'               +------+'       …" classname="Test" time="0.004"/>
  <system-out><![CDATA[Do you want to use a pre-defined pattern or a custom one? Please input 'yes' for a pre-defined pattern or 'no' for a custom one
Please choose a pattern. The possible options: ball, rhombus, vase, robot, cube
Do you want to use a pre-defined pattern or a custom one? Please input 'yes' for a pre-defined pattern or 'no' for a custom one
Please choose a pattern. The possible options: ball, rhombus, vase, robot, cube
Do you want to use a pre-defined pattern or a custom one? Please input 'yes' for a pre-defined pattern or 'no' for a custom one
Please choose a pattern. The possible options: ball, rhombus, vase, robot, cube
Please choose a pattern. The possible options: ball, rhombus, vase, robot, cube
Do you want to use a pre-defined pattern or a custom one? Please input 'yes' for a pre-defined pattern or 'no' for a custom one
Please input 'yes' or 'no'
Please choose a pattern. The possible options: ball, rhombus, vase, robot, cube
Do you want to use a pre-defined pattern or a custom one? Please input 'yes' for a pre-defined pattern or 'no' for a custom one
Please input 'yes' or 'no'
Please choose a pattern. The possible options: ball, rhombus, vase, robot, cube
Do you want to use a pre-defined pattern or a custom one? Please input 'yes' for a pre-defined pattern or 'no' for a custom one
Please input 'yes' or 'no'
Please choose a pattern. The possible options: ball, rhombus, vase, robot, cube
Please choose a pattern. The possible options: ball, rhombus, vase, robot, cube
Do you want to use a pre-defined pattern or a custom one? Please input 'yes' for a pre-defined pattern or 'no' for a custom one
Please, input a custom picture
Do you want to use a pre-defined pattern or a custom one? Please input 'yes' for a pre-defined pattern or 'no' for a custom one
Please, input a custom picture
Do you want to use a pre-defined pattern or a custom one? Please input 'yes' for a pre-defined pattern or 'no' for a custom one
Please input 'yes' or 'no'
Please, input a custom picture
Do you want to use a pre-defined pattern or a custom one? Please input 'yes' for a pre-defined pattern or 'no' for a custom one
Please input 'yes' or 'no'
Please, input a custom picture
JAAAAAAAAAAAAA?
JAAAAAAAAAAAAA?
JAAAAAAAAAAAAA?
JAAAAAAAAAAAAA?
JAAAAAAAAAAAAA?
JAAAAAAAAAAAAA X
/ \
\ /
 X
JAAAAAAAAAAAAA X
/ \
\ /
 X
JAAAAAAAAAAAAA X
/ \
\ /
 X
JAAAAAAAAAAAAA X
/ \
\ /
 X
JAAAAAAAAAAAAA X
/ \
\ /
 X
JAAAAAAAAAAAAA  ____   
 /    \
/ /  \ \
\ \__/ /
 \____/
JAAAAAAAAAAAAA  ____   
 /    \
/ /  \ \
\ \__/ /
 \____/
JAAAAAAAAAAAAA  ____   
 /    \
/ /  \ \
\ \__/ /
 \____/
JAAAAAAAAAAAAA  ____   
 /    \
/ /  \ \
\ \__/ /
 \____/
JAAAAAAAAAAAAA  ____   
 /    \
/ /  \ \
\ \__/ /
 \____/
JAAAAAAAAAAAAA+---+---+
| o   o |
|   ^   |
|  ---  |
+---+---+
JAAAAAAAAAAAAA+---+---+
| o   o |
|   ^   |
|  ---  |
+---+---+
JAAAAAAAAAAAAA+---+---+
| o   o |
|   ^   |
|  ---  |
+---+---+
JAAAAAAAAAAAAA+---+---+
| o   o |
|   ^   |
|  ---  |
+---+---+
JAAAAAAAAAAAAA+---+---+
| o   o |
|   ^   |
|  ---  |
+---+---+
JAAAAAAAAAAAAA   .+------+
 .' |    .'|
+---+--+'  |
|   |  |   |
|  ,+--+---+
|.'    | .' 
+------+'
JAAAAAAAAAAAAA   .+------+
 .' |    .'|
+---+--+'  |
|   |  |   |
|  ,+--+---+
|.'    | .' 
+------+'
JAAAAAAAAAAAAA   .+------+
 .' |    .'|
+---+--+'  |
|   |  |   |
|  ,+--+---+
|.'    | .' 
+------+'
JAAAAAAAAAAAAA   .+------+
 .' |    .'|
+---+--+'  |
|   |  |   |
|  ,+--+---+
|.'    | .' 
+------+'
JAAAAAAAAAAAAA   .+------+
 .' |    .'|
+---+--+'  |
|   |  |   |
|  ,+--+---+
|.'    | .' 
+------+'
]]></system-out>
  <system-err><![CDATA[]]></system-err>
</testsuite>
